{"C:\\Users\\manto\\OneDrive\\Documents\\GitHub\\mafia-bot\\register.js":{"path":"C:\\Users\\manto\\OneDrive\\Documents\\GitHub\\mafia-bot\\register.js","statementMap":{"0":{"start":{"line":1,"column":15},"end":{"line":1,"column":33}},"1":{"start":{"line":2,"column":21},"end":{"line":2,"column":52}},"2":{"start":{"line":4,"column":0},"end":{"line":8,"column":3}}},"fnMap":{},"branchMap":{},"s":{"0":1,"1":1,"2":1},"f":{},"b":{},"_coverageSchema":"1a1c01bbd47fc00a2c39e90264f33305004495a9","hash":"1539e1bc8af298061475e5c65d8e18e21af8e554","contentHash":"ce3612d633804357df1c302e90ae475addccd1ca930e6978287503a83d8f7483"},"C:\\Users\\manto\\OneDrive\\Documents\\GitHub\\mafia-bot\\src\\Classes\\ScriptEngine.ts":{"path":"C:\\Users\\manto\\OneDrive\\Documents\\GitHub\\mafia-bot\\src\\Classes\\ScriptEngine.ts","statementMap":{"0":{"start":{"line":2,"column":0},"end":{"line":2,"column":62}},"1":{"start":{"line":6,"column":8},"end":{"line":7,"column":25}},"2":{"start":{"line":7,"column":12},"end":{"line":7,"column":25}},"3":{"start":{"line":8,"column":8},"end":{"line":9,"column":25}},"4":{"start":{"line":9,"column":12},"end":{"line":9,"column":25}},"5":{"start":{"line":10,"column":8},"end":{"line":11,"column":25}},"6":{"start":{"line":11,"column":12},"end":{"line":11,"column":25}},"7":{"start":{"line":12,"column":8},"end":{"line":12,"column":20}},"8":{"start":{"line":17,"column":8},"end":{"line":17,"column":54}},"9":{"start":{"line":18,"column":8},"end":{"line":18,"column":66}},"10":{"start":{"line":19,"column":8},"end":{"line":20,"column":23}},"11":{"start":{"line":20,"column":12},"end":{"line":20,"column":23}},"12":{"start":{"line":21,"column":8},"end":{"line":28,"column":9}},"13":{"start":{"line":22,"column":23},"end":{"line":22,"column":65}},"14":{"start":{"line":23,"column":22},"end":{"line":23,"column":28}},"15":{"start":{"line":24,"column":12},"end":{"line":24,"column":43}},"16":{"start":{"line":27,"column":12},"end":{"line":27,"column":23}},"17":{"start":{"line":37,"column":8},"end":{"line":37,"column":62}},"18":{"start":{"line":38,"column":8},"end":{"line":38,"column":39}},"19":{"start":{"line":39,"column":8},"end":{"line":39,"column":124}},"20":{"start":{"line":39,"column":72},"end":{"line":39,"column":113}},"21":{"start":{"line":40,"column":8},"end":{"line":50,"column":9}},"22":{"start":{"line":41,"column":27},"end":{"line":41,"column":29}},"23":{"start":{"line":42,"column":12},"end":{"line":45,"column":15}},"24":{"start":{"line":42,"column":35},"end":{"line":42,"column":76}},"25":{"start":{"line":44,"column":16},"end":{"line":44,"column":100}},"26":{"start":{"line":46,"column":12},"end":{"line":48,"column":13}},"27":{"start":{"line":46,"column":39},"end":{"line":46,"column":80}},"28":{"start":{"line":47,"column":16},"end":{"line":47,"column":66}},"29":{"start":{"line":49,"column":12},"end":{"line":49,"column":59}},"30":{"start":{"line":51,"column":8},"end":{"line":61,"column":9}},"31":{"start":{"line":52,"column":27},"end":{"line":52,"column":29}},"32":{"start":{"line":53,"column":12},"end":{"line":56,"column":15}},"33":{"start":{"line":53,"column":35},"end":{"line":53,"column":99}},"34":{"start":{"line":55,"column":16},"end":{"line":55,"column":100}},"35":{"start":{"line":57,"column":12},"end":{"line":59,"column":13}},"36":{"start":{"line":57,"column":39},"end":{"line":57,"column":103}},"37":{"start":{"line":58,"column":16},"end":{"line":58,"column":66}},"38":{"start":{"line":60,"column":12},"end":{"line":60,"column":59}},"39":{"start":{"line":62,"column":8},"end":{"line":69,"column":9}},"40":{"start":{"line":63,"column":27},"end":{"line":63,"column":29}},"41":{"start":{"line":64,"column":12},"end":{"line":67,"column":15}},"42":{"start":{"line":66,"column":16},"end":{"line":66,"column":130}},"43":{"start":{"line":68,"column":12},"end":{"line":68,"column":62}},"44":{"start":{"line":70,"column":8},"end":{"line":71,"column":25}},"45":{"start":{"line":71,"column":12},"end":{"line":71,"column":25}},"46":{"start":{"line":72,"column":8},"end":{"line":81,"column":9}},"47":{"start":{"line":73,"column":12},"end":{"line":73,"column":29}},"48":{"start":{"line":74,"column":23},"end":{"line":74,"column":65}},"49":{"start":{"line":75,"column":22},"end":{"line":75,"column":28}},"50":{"start":{"line":76,"column":12},"end":{"line":76,"column":23}},"51":{"start":{"line":79,"column":12},"end":{"line":79,"column":29}},"52":{"start":{"line":80,"column":12},"end":{"line":80,"column":25}},"53":{"start":{"line":90,"column":8},"end":{"line":90,"column":62}},"54":{"start":{"line":91,"column":8},"end":{"line":91,"column":110}},"55":{"start":{"line":91,"column":76},"end":{"line":91,"column":99}},"56":{"start":{"line":92,"column":18},"end":{"line":92,"column":34}},"57":{"start":{"line":93,"column":8},"end":{"line":99,"column":9}},"58":{"start":{"line":93,"column":21},"end":{"line":93,"column":22}},"59":{"start":{"line":94,"column":12},"end":{"line":98,"column":13}},"60":{"start":{"line":95,"column":29},"end":{"line":95,"column":89}},"61":{"start":{"line":96,"column":30},"end":{"line":96,"column":87}},"62":{"start":{"line":96,"column":53},"end":{"line":96,"column":79}},"63":{"start":{"line":97,"column":16},"end":{"line":97,"column":60}},"64":{"start":{"line":100,"column":8},"end":{"line":100,"column":27}},"65":{"start":{"line":101,"column":8},"end":{"line":101,"column":31}},"66":{"start":{"line":102,"column":8},"end":{"line":108,"column":9}},"67":{"start":{"line":102,"column":21},"end":{"line":102,"column":22}},"68":{"start":{"line":103,"column":12},"end":{"line":107,"column":13}},"69":{"start":{"line":104,"column":29},"end":{"line":104,"column":89}},"70":{"start":{"line":105,"column":30},"end":{"line":105,"column":93}},"71":{"start":{"line":105,"column":53},"end":{"line":105,"column":85}},"72":{"start":{"line":106,"column":16},"end":{"line":106,"column":60}},"73":{"start":{"line":109,"column":8},"end":{"line":109,"column":27}},"74":{"start":{"line":110,"column":8},"end":{"line":110,"column":32}},"75":{"start":{"line":111,"column":8},"end":{"line":117,"column":9}},"76":{"start":{"line":111,"column":21},"end":{"line":111,"column":22}},"77":{"start":{"line":112,"column":12},"end":{"line":116,"column":13}},"78":{"start":{"line":113,"column":29},"end":{"line":113,"column":89}},"79":{"start":{"line":114,"column":30},"end":{"line":114,"column":119}},"80":{"start":{"line":114,"column":53},"end":{"line":114,"column":111}},"81":{"start":{"line":115,"column":16},"end":{"line":115,"column":60}},"82":{"start":{"line":118,"column":8},"end":{"line":118,"column":27}},"83":{"start":{"line":119,"column":8},"end":{"line":119,"column":32}},"84":{"start":{"line":120,"column":8},"end":{"line":126,"column":9}},"85":{"start":{"line":120,"column":21},"end":{"line":120,"column":22}},"86":{"start":{"line":121,"column":12},"end":{"line":125,"column":13}},"87":{"start":{"line":122,"column":29},"end":{"line":122,"column":89}},"88":{"start":{"line":123,"column":30},"end":{"line":123,"column":113}},"89":{"start":{"line":123,"column":53},"end":{"line":123,"column":105}},"90":{"start":{"line":124,"column":16},"end":{"line":124,"column":60}},"91":{"start":{"line":127,"column":8},"end":{"line":127,"column":27}},"92":{"start":{"line":128,"column":8},"end":{"line":129,"column":23}},"93":{"start":{"line":129,"column":12},"end":{"line":129,"column":23}},"94":{"start":{"line":130,"column":8},"end":{"line":137,"column":9}},"95":{"start":{"line":131,"column":23},"end":{"line":131,"column":65}},"96":{"start":{"line":132,"column":22},"end":{"line":132,"column":28}},"97":{"start":{"line":133,"column":12},"end":{"line":133,"column":23}},"98":{"start":{"line":136,"column":12},"end":{"line":136,"column":23}},"99":{"start":{"line":140,"column":0},"end":{"line":140,"column":31}}},"fnMap":{"0":{"name":"(anonymous_0)","decl":{"start":{"line":5,"column":4},"end":{"line":5,"column":5}},"loc":{"start":{"line":5,"column":26},"end":{"line":13,"column":5}},"line":5},"1":{"name":"(anonymous_1)","decl":{"start":{"line":16,"column":4},"end":{"line":16,"column":5}},"loc":{"start":{"line":16,"column":52},"end":{"line":29,"column":5}},"line":16},"2":{"name":"(anonymous_2)","decl":{"start":{"line":36,"column":4},"end":{"line":36,"column":5}},"loc":{"start":{"line":36,"column":50},"end":{"line":82,"column":5}},"line":36},"3":{"name":"(anonymous_3)","decl":{"start":{"line":39,"column":64},"end":{"line":39,"column":65}},"loc":{"start":{"line":39,"column":72},"end":{"line":39,"column":113}},"line":39},"4":{"name":"(anonymous_4)","decl":{"start":{"line":42,"column":27},"end":{"line":42,"column":28}},"loc":{"start":{"line":42,"column":35},"end":{"line":42,"column":76}},"line":42},"5":{"name":"(anonymous_5)","decl":{"start":{"line":42,"column":82},"end":{"line":42,"column":83}},"loc":{"start":{"line":42,"column":90},"end":{"line":45,"column":13}},"line":42},"6":{"name":"(anonymous_6)","decl":{"start":{"line":46,"column":31},"end":{"line":46,"column":32}},"loc":{"start":{"line":46,"column":39},"end":{"line":46,"column":80}},"line":46},"7":{"name":"(anonymous_7)","decl":{"start":{"line":53,"column":27},"end":{"line":53,"column":28}},"loc":{"start":{"line":53,"column":35},"end":{"line":53,"column":99}},"line":53},"8":{"name":"(anonymous_8)","decl":{"start":{"line":53,"column":105},"end":{"line":53,"column":106}},"loc":{"start":{"line":53,"column":113},"end":{"line":56,"column":13}},"line":53},"9":{"name":"(anonymous_9)","decl":{"start":{"line":57,"column":31},"end":{"line":57,"column":32}},"loc":{"start":{"line":57,"column":39},"end":{"line":57,"column":103}},"line":57},"10":{"name":"(anonymous_10)","decl":{"start":{"line":64,"column":24},"end":{"line":64,"column":25}},"loc":{"start":{"line":64,"column":32},"end":{"line":67,"column":13}},"line":64},"11":{"name":"(anonymous_11)","decl":{"start":{"line":89,"column":4},"end":{"line":89,"column":5}},"loc":{"start":{"line":89,"column":39},"end":{"line":138,"column":5}},"line":89},"12":{"name":"(anonymous_12)","decl":{"start":{"line":91,"column":66},"end":{"line":91,"column":67}},"loc":{"start":{"line":91,"column":76},"end":{"line":91,"column":99}},"line":91},"13":{"name":"(anonymous_13)","decl":{"start":{"line":96,"column":45},"end":{"line":96,"column":46}},"loc":{"start":{"line":96,"column":53},"end":{"line":96,"column":79}},"line":96},"14":{"name":"(anonymous_14)","decl":{"start":{"line":105,"column":45},"end":{"line":105,"column":46}},"loc":{"start":{"line":105,"column":53},"end":{"line":105,"column":85}},"line":105},"15":{"name":"(anonymous_15)","decl":{"start":{"line":114,"column":45},"end":{"line":114,"column":46}},"loc":{"start":{"line":114,"column":53},"end":{"line":114,"column":111}},"line":114},"16":{"name":"(anonymous_16)","decl":{"start":{"line":123,"column":45},"end":{"line":123,"column":46}},"loc":{"start":{"line":123,"column":53},"end":{"line":123,"column":105}},"line":123}},"branchMap":{"0":{"loc":{"start":{"line":6,"column":8},"end":{"line":7,"column":25}},"type":"if","locations":[{"start":{"line":6,"column":8},"end":{"line":7,"column":25}},{"start":{"line":6,"column":8},"end":{"line":7,"column":25}}],"line":6},"1":{"loc":{"start":{"line":8,"column":8},"end":{"line":9,"column":25}},"type":"if","locations":[{"start":{"line":8,"column":8},"end":{"line":9,"column":25}},{"start":{"line":8,"column":8},"end":{"line":9,"column":25}}],"line":8},"2":{"loc":{"start":{"line":10,"column":8},"end":{"line":11,"column":25}},"type":"if","locations":[{"start":{"line":10,"column":8},"end":{"line":11,"column":25}},{"start":{"line":10,"column":8},"end":{"line":11,"column":25}}],"line":10},"3":{"loc":{"start":{"line":19,"column":8},"end":{"line":20,"column":23}},"type":"if","locations":[{"start":{"line":19,"column":8},"end":{"line":20,"column":23}},{"start":{"line":19,"column":8},"end":{"line":20,"column":23}}],"line":19},"4":{"loc":{"start":{"line":40,"column":8},"end":{"line":50,"column":9}},"type":"if","locations":[{"start":{"line":40,"column":8},"end":{"line":50,"column":9}},{"start":{"line":40,"column":8},"end":{"line":50,"column":9}}],"line":40},"5":{"loc":{"start":{"line":44,"column":29},"end":{"line":44,"column":91}},"type":"cond-expr","locations":[{"start":{"line":44,"column":76},"end":{"line":44,"column":82}},{"start":{"line":44,"column":85},"end":{"line":44,"column":91}}],"line":44},"6":{"loc":{"start":{"line":44,"column":29},"end":{"line":44,"column":73}},"type":"binary-expr","locations":[{"start":{"line":44,"column":29},"end":{"line":44,"column":56}},{"start":{"line":44,"column":60},"end":{"line":44,"column":73}}],"line":44},"7":{"loc":{"start":{"line":46,"column":12},"end":{"line":48,"column":13}},"type":"if","locations":[{"start":{"line":46,"column":12},"end":{"line":48,"column":13}},{"start":{"line":46,"column":12},"end":{"line":48,"column":13}}],"line":46},"8":{"loc":{"start":{"line":51,"column":8},"end":{"line":61,"column":9}},"type":"if","locations":[{"start":{"line":51,"column":8},"end":{"line":61,"column":9}},{"start":{"line":51,"column":8},"end":{"line":61,"column":9}}],"line":51},"9":{"loc":{"start":{"line":53,"column":35},"end":{"line":53,"column":99}},"type":"binary-expr","locations":[{"start":{"line":53,"column":35},"end":{"line":53,"column":76}},{"start":{"line":53,"column":80},"end":{"line":53,"column":99}}],"line":53},"10":{"loc":{"start":{"line":55,"column":29},"end":{"line":55,"column":91}},"type":"cond-expr","locations":[{"start":{"line":55,"column":76},"end":{"line":55,"column":82}},{"start":{"line":55,"column":85},"end":{"line":55,"column":91}}],"line":55},"11":{"loc":{"start":{"line":55,"column":29},"end":{"line":55,"column":73}},"type":"binary-expr","locations":[{"start":{"line":55,"column":29},"end":{"line":55,"column":56}},{"start":{"line":55,"column":60},"end":{"line":55,"column":73}}],"line":55},"12":{"loc":{"start":{"line":57,"column":12},"end":{"line":59,"column":13}},"type":"if","locations":[{"start":{"line":57,"column":12},"end":{"line":59,"column":13}},{"start":{"line":57,"column":12},"end":{"line":59,"column":13}}],"line":57},"13":{"loc":{"start":{"line":57,"column":39},"end":{"line":57,"column":103}},"type":"binary-expr","locations":[{"start":{"line":57,"column":39},"end":{"line":57,"column":80}},{"start":{"line":57,"column":84},"end":{"line":57,"column":103}}],"line":57},"14":{"loc":{"start":{"line":62,"column":8},"end":{"line":69,"column":9}},"type":"if","locations":[{"start":{"line":62,"column":8},"end":{"line":69,"column":9}},{"start":{"line":62,"column":8},"end":{"line":69,"column":9}}],"line":62},"15":{"loc":{"start":{"line":66,"column":29},"end":{"line":66,"column":91}},"type":"cond-expr","locations":[{"start":{"line":66,"column":76},"end":{"line":66,"column":82}},{"start":{"line":66,"column":85},"end":{"line":66,"column":91}}],"line":66},"16":{"loc":{"start":{"line":66,"column":29},"end":{"line":66,"column":73}},"type":"binary-expr","locations":[{"start":{"line":66,"column":29},"end":{"line":66,"column":56}},{"start":{"line":66,"column":60},"end":{"line":66,"column":73}}],"line":66},"17":{"loc":{"start":{"line":70,"column":8},"end":{"line":71,"column":25}},"type":"if","locations":[{"start":{"line":70,"column":8},"end":{"line":71,"column":25}},{"start":{"line":70,"column":8},"end":{"line":71,"column":25}}],"line":70},"18":{"loc":{"start":{"line":94,"column":12},"end":{"line":98,"column":13}},"type":"if","locations":[{"start":{"line":94,"column":12},"end":{"line":98,"column":13}},{"start":{"line":94,"column":12},"end":{"line":98,"column":13}}],"line":94},"19":{"loc":{"start":{"line":103,"column":12},"end":{"line":107,"column":13}},"type":"if","locations":[{"start":{"line":103,"column":12},"end":{"line":107,"column":13}},{"start":{"line":103,"column":12},"end":{"line":107,"column":13}}],"line":103},"20":{"loc":{"start":{"line":112,"column":12},"end":{"line":116,"column":13}},"type":"if","locations":[{"start":{"line":112,"column":12},"end":{"line":116,"column":13}},{"start":{"line":112,"column":12},"end":{"line":116,"column":13}}],"line":112},"21":{"loc":{"start":{"line":114,"column":53},"end":{"line":114,"column":111}},"type":"binary-expr","locations":[{"start":{"line":114,"column":53},"end":{"line":114,"column":85}},{"start":{"line":114,"column":89},"end":{"line":114,"column":111}}],"line":114},"22":{"loc":{"start":{"line":121,"column":12},"end":{"line":125,"column":13}},"type":"if","locations":[{"start":{"line":121,"column":12},"end":{"line":125,"column":13}},{"start":{"line":121,"column":12},"end":{"line":125,"column":13}}],"line":121},"23":{"loc":{"start":{"line":123,"column":53},"end":{"line":123,"column":105}},"type":"binary-expr","locations":[{"start":{"line":123,"column":53},"end":{"line":123,"column":79}},{"start":{"line":123,"column":83},"end":{"line":123,"column":105}}],"line":123},"24":{"loc":{"start":{"line":128,"column":8},"end":{"line":129,"column":23}},"type":"if","locations":[{"start":{"line":128,"column":8},"end":{"line":129,"column":23}},{"start":{"line":128,"column":8},"end":{"line":129,"column":23}}],"line":128}},"s":{"0":1,"1":11,"2":1,"3":10,"4":3,"5":7,"6":0,"7":7,"8":6,"9":6,"10":6,"11":3,"12":3,"13":3,"14":3,"15":3,"16":0,"17":5,"18":5,"19":5,"20":35,"21":5,"22":0,"23":0,"24":0,"25":0,"26":0,"27":0,"28":0,"29":0,"30":5,"31":1,"32":1,"33":7,"34":2,"35":1,"36":7,"37":1,"38":1,"39":5,"40":1,"41":1,"42":7,"43":1,"44":5,"45":1,"46":4,"47":4,"48":4,"49":4,"50":4,"51":0,"52":0,"53":0,"54":0,"55":0,"56":0,"57":0,"58":0,"59":0,"60":0,"61":0,"62":0,"63":0,"64":0,"65":0,"66":0,"67":0,"68":0,"69":0,"70":0,"71":0,"72":0,"73":0,"74":0,"75":0,"76":0,"77":0,"78":0,"79":0,"80":0,"81":0,"82":0,"83":0,"84":0,"85":0,"86":0,"87":0,"88":0,"89":0,"90":0,"91":0,"92":0,"93":0,"94":0,"95":0,"96":0,"97":0,"98":0,"99":1},"f":{"0":11,"1":6,"2":5,"3":35,"4":0,"5":0,"6":0,"7":7,"8":2,"9":7,"10":7,"11":0,"12":0,"13":0,"14":0,"15":0,"16":0},"b":{"0":[1,10],"1":[3,7],"2":[0,7],"3":[3,3],"4":[0,5],"5":[0,0],"6":[0,0],"7":[0,0],"8":[1,4],"9":[7,3],"10":[2,0],"11":[2,0],"12":[1,0],"13":[7,3],"14":[1,4],"15":[7,0],"16":[7,0],"17":[1,4],"18":[0,0],"19":[0,0],"20":[0,0],"21":[0,0],"22":[0,0],"23":[0,0],"24":[0,0]},"inputSourceMap":{"version":3,"file":"C:/Users/manto/OneDrive/Documents/GitHub/mafia-bot/src/Classes/ScriptEngine.ts","sources":["C:/Users/manto/OneDrive/Documents/GitHub/mafia-bot/src/Classes/ScriptEngine.ts"],"names":[],"mappings":";;AAEA,MAAqB,YAAY;IAC7B,qCAAqC;IAC9B,MAAM,CAAC,SAAS,CAAC,GAAW;QAC/B,IAAI,GAAG,CAAC,QAAQ,CAAC,SAAS,CAAC;YACvB,OAAO,KAAK,CAAC;QACjB,IAAI,GAAG,CAAC,QAAQ,CAAC,QAAQ,CAAC;YACtB,OAAO,KAAK,CAAC;QACjB,IAAI,GAAG,CAAC,QAAQ,CAAC,SAAS,CAAC;YACvB,OAAO,KAAK,CAAC;QACjB,OAAO,IAAI,CAAC;IAEhB,CAAC;IAED,mCAAmC;IACnC,sDAAsD;IAC/C,MAAM,CAAC,aAAa,CAAC,GAAW,EAAE,MAAc,EAAE,YAAoB;QACzE,GAAG,GAAG,GAAG,CAAC,OAAO,CAAC,UAAU,EAAE,MAAM,CAAC,MAAM,CAAC,CAAC,CAAC;QAC9C,GAAG,GAAG,GAAG,CAAC,OAAO,CAAC,gBAAgB,EAAE,MAAM,CAAC,YAAY,CAAC,CAAC,CAAC;QAC1D,IAAI,CAAC,IAAI,CAAC,SAAS,CAAC,GAAG,CAAC;YACpB,OAAO,GAAG,CAAC;QAEf,IAAI;YACA,IAAI,IAAI,GAAG,IAAI,QAAQ,CAAC,cAAc,GAAG,GAAG,GAAG,KAAK,CAAC,CAAC;YACtD,IAAI,GAAG,GAAG,IAAI,EAAE,CAAC;YACjB,OAAO,IAAI,CAAC,KAAK,CAAC,MAAM,CAAC,GAAG,CAAC,CAAC,CAAC;SAClC;QAAC,OAAO,GAAG,EAAE;YACV,OAAO,GAAG,CAAC;SACd;IACL,CAAC;IAED,wBAAwB;IACxB,+BAA+B;IAC/B,iDAAiD;IACjD,4EAA4E;IAC5E,0EAA0E;IAC1E,uEAAuE;IAChE,MAAM,CAAC,iBAAiB,CAAC,GAAW,EAAE,OAAoB,EAAE,KAAgB;QAC/E,GAAG,GAAG,GAAG,CAAC,OAAO,CAAC,UAAU,EAAE,MAAM,CAAC,OAAO,CAAC,MAAM,CAAC,CAAC,CAAC;QACtD,GAAG,GAAG,GAAG,CAAC,KAAK,CAAC,GAAG,CAAC,CAAC,IAAI,CAAC,GAAG,CAAC,CAAC;QAC/B,GAAG,GAAG,GAAG,CAAC,OAAO,CAAC,cAAc,EAAE,MAAM,CAAC,OAAO,CAAC,MAAM,CAAC,IAAI,CAAC,EAAE,CAAC,IAAI,CAAC,IAAI,CAAC,QAAQ,IAAI,KAAK,CAAC,IAAI,CAAC,QAAQ,CAAC,CAAC,MAAM,CAAC,CAAC,CAAC;QACpH,IAAI,GAAG,CAAC,QAAQ,CAAC,iBAAiB,CAAC,EAAE;YACjC,IAAI,QAAQ,GAAG,EAAE,CAAC;YAClB,OAAO,CAAC,MAAM,CAAC,IAAI,CAAC,EAAE,CAAC,IAAI,CAAC,IAAI,CAAC,QAAQ,IAAI,KAAK,CAAC,IAAI,CAAC,QAAQ,CAAC,CAAC,GAAG,CAAC,IAAI,CAAC,EAAE;;gBACzE,QAAQ,IAAI,CAAA,MAAA,IAAI,CAAC,MAAM,0CAAE,GAAG,IAAG,IAAI,CAAC;YACxC,CAAC,CAAC,CAAA;YACF,IAAI,OAAO,CAAC,MAAM,CAAC,IAAI,CAAC,EAAE,CAAC,IAAI,CAAC,IAAI,CAAC,QAAQ,IAAI,KAAK,CAAC,IAAI,CAAC,QAAQ,CAAC,CAAC,MAAM,GAAG,CAAC,EAAE;gBAC9E,QAAQ,GAAG,QAAQ,CAAC,KAAK,CAAC,CAAC,EAAE,QAAQ,CAAC,MAAM,GAAG,CAAC,CAAC,CAAC;aACrD;YACD,GAAG,GAAG,GAAG,CAAC,OAAO,CAAC,iBAAiB,EAAE,QAAQ,CAAC,CAAC;SAClD;QACD,IAAI,GAAG,CAAC,QAAQ,CAAC,iBAAiB,CAAC,EAAE;YACjC,IAAI,QAAQ,GAAG,EAAE,CAAC;YAClB,OAAO,CAAC,MAAM,CAAC,IAAI,CAAC,EAAE,CAAC,IAAI,CAAC,IAAI,CAAC,QAAQ,IAAI,KAAK,CAAC,IAAI,CAAC,QAAQ,IAAI,IAAI,CAAC,EAAE,IAAI,KAAK,CAAC,EAAE,CAAC,CAAC,GAAG,CAAC,IAAI,CAAC,EAAE;;gBAChG,QAAQ,IAAI,CAAA,MAAA,IAAI,CAAC,MAAM,0CAAE,GAAG,IAAG,IAAI,CAAC;YACxC,CAAC,CAAC,CAAA;YACF,IAAI,OAAO,CAAC,MAAM,CAAC,IAAI,CAAC,EAAE,CAAC,IAAI,CAAC,IAAI,CAAC,QAAQ,IAAI,KAAK,CAAC,IAAI,CAAC,QAAQ,IAAI,IAAI,CAAC,EAAE,IAAI,KAAK,CAAC,EAAE,CAAC,CAAC,MAAM,GAAG,CAAC,EAAE;gBACrG,QAAQ,GAAG,QAAQ,CAAC,KAAK,CAAC,CAAC,EAAE,QAAQ,CAAC,MAAM,GAAG,CAAC,CAAC,CAAC;aACrD;YACD,GAAG,GAAG,GAAG,CAAC,OAAO,CAAC,iBAAiB,EAAE,QAAQ,CAAC,CAAC;SAClD;QAED,IAAI,GAAG,CAAC,QAAQ,CAAC,oBAAoB,CAAC,EAAE;YAEpC,IAAI,QAAQ,GAAG,EAAE,CAAC;YAClB,OAAO,CAAC,GAAG,CAAC,IAAI,CAAC,EAAE;;gBACf,QAAQ,IAAI,CAAA,MAAA,IAAI,CAAC,MAAM,0CAAE,GAAG,IAAG,KAAK,GAAG,IAAI,CAAC,IAAI,CAAC,QAAQ,GAAG,KAAK,CAAC;YACtE,CAAC,CAAC,CAAA;YACF,GAAG,GAAG,GAAG,CAAC,OAAO,CAAC,oBAAoB,EAAE,QAAQ,CAAC,CAAC;SACrD;QAGD,IAAI,CAAC,IAAI,CAAC,SAAS,CAAC,GAAG,CAAC;YACpB,OAAO,KAAK,CAAC;QACjB,IAAI;YACA,OAAO,CAAC,GAAG,CAAC,GAAG,CAAC,CAAC;YAEjB,IAAI,IAAI,GAAG,IAAI,QAAQ,CAAC,cAAc,GAAG,GAAG,GAAG,KAAK,CAAC,CAAC;YACtD,IAAI,GAAG,GAAG,IAAI,EAAE,CAAC;YACjB,OAAO,GAAG,CAAC;SAEd;QAAC,OAAO,GAAG,EAAE;YACV,OAAO,CAAC,GAAG,CAAC,GAAG,CAAC,CAAC;YACjB,OAAO,KAAK,CAAC;SAChB;IACL,CAAC;IAED,sCAAsC;IACtC,gCAAgC;IAChC,sEAAsE;IACtE,0EAA0E;IAC1E,kFAAkF;IAClF,8EAA8E;IACvE,MAAM,CAAC,aAAa,CAAC,GAAW,EAAE,OAAoB;QACzD,GAAG,GAAG,GAAG,CAAC,OAAO,CAAC,UAAU,EAAE,MAAM,CAAC,OAAO,CAAC,MAAM,CAAC,CAAC,CAAC;QACtD,GAAG,GAAG,GAAG,CAAC,OAAO,CAAC,gBAAgB,EAAE,MAAM,CAAC,OAAO,CAAC,MAAM,CAAC,CAAC,IAAI,EAAE,EAAE,CAAC,IAAI,CAAC,QAAQ,KAAK,KAAK,CAAC,CAAC,MAAM,CAAC,CAAC,CAAC;QACtG,IAAI,GAAG,GAAG,GAAG,CAAC,KAAK,CAAC,KAAK,CAAC,CAAC;QAC3B,KAAK,IAAI,CAAC,GAAG,CAAC,EAAE,CAAC,GAAG,GAAG,CAAC,MAAM,EAAE,CAAC,EAAE,EAAE;YACjC,IAAI,CAAC,KAAK,CAAC,EAAE;gBACT,MAAM,IAAI,GAAG,GAAG,CAAC,CAAC,CAAC,CAAC,KAAK,CAAC,SAAS,CAAC,CAAC,CAAC,CAAC,CAAC,OAAO,CAAC,GAAG,EAAE,EAAE,CAAC,CAAC,OAAO,CAAC,GAAG,EAAE,EAAE,CAAC,CAAC;gBAC1E,MAAM,KAAK,GAAG,OAAO,CAAC,MAAM,CAAC,IAAI,CAAC,EAAE,CAAC,IAAI,CAAC,IAAI,CAAC,QAAQ,IAAI,IAAI,CAAC,CAAC,MAAM,CAAC;gBACxE,GAAG,CAAC,CAAC,CAAC,GAAG,KAAK,GAAG,GAAG,CAAC,CAAC,CAAC,CAAC,KAAK,CAAC,SAAS,CAAC,CAAC,CAAC,CAAC,CAAC;aAE/C;SACJ;QACD,GAAG,GAAG,GAAG,CAAC,IAAI,CAAC,EAAE,CAAC,CAAC;QACnB,GAAG,GAAG,GAAG,CAAC,KAAK,CAAC,KAAK,CAAC,CAAC;QACvB,KAAK,IAAI,CAAC,GAAG,CAAC,EAAE,CAAC,GAAG,GAAG,CAAC,MAAM,EAAE,CAAC,EAAE,EAAE;YACjC,IAAI,CAAC,KAAK,CAAC,EAAE;gBACT,MAAM,IAAI,GAAG,GAAG,CAAC,CAAC,CAAC,CAAC,KAAK,CAAC,SAAS,CAAC,CAAC,CAAC,CAAC,CAAC,OAAO,CAAC,GAAG,EAAE,EAAE,CAAC,CAAC,OAAO,CAAC,GAAG,EAAE,EAAE,CAAC,CAAC;gBAC1E,MAAM,KAAK,GAAG,OAAO,CAAC,MAAM,CAAC,IAAI,CAAC,EAAE,CAAC,IAAI,CAAC,IAAI,CAAC,cAAc,IAAI,IAAI,CAAC,CAAC,MAAM,CAAC;gBAC9E,GAAG,CAAC,CAAC,CAAC,GAAG,KAAK,GAAG,GAAG,CAAC,CAAC,CAAC,CAAC,KAAK,CAAC,SAAS,CAAC,CAAC,CAAC,CAAC,CAAA;aAE9C;SACJ;QACD,GAAG,GAAG,GAAG,CAAC,IAAI,CAAC,EAAE,CAAC,CAAC;QACnB,GAAG,GAAG,GAAG,CAAC,KAAK,CAAC,MAAM,CAAC,CAAC;QACxB,KAAK,IAAI,CAAC,GAAG,CAAC,EAAE,CAAC,GAAG,GAAG,CAAC,MAAM,EAAE,CAAC,EAAE,EAAE;YACjC,IAAI,CAAC,KAAK,CAAC,EAAE;gBACT,MAAM,IAAI,GAAG,GAAG,CAAC,CAAC,CAAC,CAAC,KAAK,CAAC,SAAS,CAAC,CAAC,CAAC,CAAC,CAAC,OAAO,CAAC,GAAG,EAAE,EAAE,CAAC,CAAC,OAAO,CAAC,GAAG,EAAE,EAAE,CAAC,CAAC;gBAC1E,MAAM,KAAK,GAAG,OAAO,CAAC,MAAM,CAAC,IAAI,CAAC,EAAE,CAAC,IAAI,CAAC,IAAI,CAAC,cAAc,IAAI,IAAI,IAAI,IAAI,CAAC,QAAQ,IAAI,KAAK,CAAC,CAAC,MAAM,CAAC;gBACxG,GAAG,CAAC,CAAC,CAAC,GAAG,KAAK,GAAG,GAAG,CAAC,CAAC,CAAC,CAAC,KAAK,CAAC,SAAS,CAAC,CAAC,CAAC,CAAC,CAAC;aAG/C;SACJ;QACD,GAAG,GAAG,GAAG,CAAC,IAAI,CAAC,EAAE,CAAC,CAAC;QACnB,GAAG,GAAG,GAAG,CAAC,KAAK,CAAC,MAAM,CAAC,CAAC;QACxB,KAAK,IAAI,CAAC,GAAG,CAAC,EAAE,CAAC,GAAG,GAAG,CAAC,MAAM,EAAE,CAAC,EAAE,EAAE;YACjC,IAAI,CAAC,KAAK,CAAC,EAAE;gBACT,MAAM,IAAI,GAAG,GAAG,CAAC,CAAC,CAAC,CAAC,KAAK,CAAC,SAAS,CAAC,CAAC,CAAC,CAAC,CAAC,OAAO,CAAC,GAAG,EAAE,EAAE,CAAC,CAAC,OAAO,CAAC,GAAG,EAAE,EAAE,CAAC,CAAC;gBAC1E,MAAM,KAAK,GAAG,OAAO,CAAC,MAAM,CAAC,IAAI,CAAC,EAAE,CAAC,IAAI,CAAC,IAAI,CAAC,QAAQ,IAAI,IAAI,IAAI,IAAI,CAAC,QAAQ,IAAI,KAAK,CAAC,CAAC,MAAM,CAAC;gBAClG,GAAG,CAAC,CAAC,CAAC,GAAG,KAAK,GAAG,GAAG,CAAC,CAAC,CAAC,CAAC,KAAK,CAAC,SAAS,CAAC,CAAC,CAAC,CAAC,CAAC;aAE/C;SACJ;QACD,GAAG,GAAG,GAAG,CAAC,IAAI,CAAC,EAAE,CAAC,CAAA;QAClB,IAAI,CAAC,IAAI,CAAC,SAAS,CAAC,GAAG,CAAC;YACpB,OAAO,GAAG,CAAC;QACf,IAAI;YACA,IAAI,IAAI,GAAG,IAAI,QAAQ,CAAC,cAAc,GAAG,GAAG,GAAG,KAAK,CAAC,CAAC;YACtD,IAAI,GAAG,GAAG,IAAI,EAAE,CAAC;YACjB,OAAO,GAAG,CAAC;SACd;QAAC,OAAO,GAAG,EAAE;YACV,OAAO,GAAG,CAAC;SACd;IACL,CAAC;CACJ;AAlJD,+BAkJC","sourcesContent":["import MafiaUser from \"./MafiaUser\";\r\n\r\nexport default class ScriptEngine {\r\n    //validates a non harmful environment\r\n    public static Validator(eqv: string): boolean {\r\n        if (eqv.includes('require'))\r\n            return false;\r\n        if (eqv.includes(\"import\"))\r\n            return false;\r\n        if (eqv.includes(\"process\"))\r\n            return false;\r\n        return true;\r\n\r\n    }\r\n\r\n    //{pCount} - total count of players\r\n    //{oRolesPCount} - other roles that had been generated\r\n    public static RoleCountCalc(eqv: string, pCount: number, oRolesPCount: number) {\r\n        eqv = eqv.replace(\"{pCount}\", String(pCount));\r\n        eqv = eqv.replace(\"{oRolesPCount}\", String(oRolesPCount));\r\n        if (!this.Validator(eqv))\r\n            return NaN;\r\n\r\n        try {\r\n            let func = new Function(\"return (()=>\" + eqv + \")()\");\r\n            let res = func();\r\n            return Math.floor(Number(res));\r\n        } catch (err) {\r\n            return NaN;\r\n        }\r\n    }\r\n\r\n    // % - string identifier\r\n    //{pCount} - total player count\r\n    //{yRoleCount} - total count of your role players\r\n    //{oPlayersTRole} - other people of his role in format {player}, {player}...\r\n    //{aPlayersTRole} - all people of his role in format {player}, {player}...\r\n    //{oPlayersAllRoles} - all people roles in format {player} - {role}, \\n\r\n    public static DescriptionEngine(eqv: string, players: MafiaUser[], owner: MafiaUser): string {\r\n        eqv = eqv.replace(\"{pCount}\", String(players.length));\r\n        eqv = eqv.split(\"%\").join(\"`\");\r\n        eqv = eqv.replace(\"{yRoleCount}\", String(players.filter(item => item.role.RoleName == owner.role.RoleName).length));\r\n        if (eqv.includes(\"{aPlayersTRole}\")) {\r\n            let aPlayers = \"\";\r\n            players.filter(item => item.role.RoleName == owner.role.RoleName).map(item => {\r\n                aPlayers += item.dsUser?.tag + \", \";\r\n            })\r\n            if (players.filter(item => item.role.RoleName == owner.role.RoleName).length > 0) {\r\n                aPlayers = aPlayers.slice(0, aPlayers.length - 3);\r\n            }\r\n            eqv = eqv.replace(\"{aPlayersTRole}\", aPlayers);\r\n        }\r\n        if (eqv.includes(\"{oPlayersTRole}\")) {\r\n            let aPlayers = \"\";\r\n            players.filter(item => item.role.RoleName == owner.role.RoleName && item.id != owner.id).map(item => {\r\n                aPlayers += item.dsUser?.tag + \", \";\r\n            })\r\n            if (players.filter(item => item.role.RoleName == owner.role.RoleName && item.id != owner.id).length > 0) {\r\n                aPlayers = aPlayers.slice(0, aPlayers.length - 3);\r\n            }\r\n            eqv = eqv.replace(\"{oPlayersTRole}\", aPlayers);\r\n        }\r\n\r\n        if (eqv.includes(\"{oPlayersAllRoles}\")) {\r\n\r\n            let aPlayers = \"\";\r\n            players.map(item => {\r\n                aPlayers += item.dsUser?.tag + \" - \" + item.role.RoleName + \" \\n\";\r\n            })\r\n            eqv = eqv.replace(\"{oPlayersAllRoles}\", aPlayers);\r\n        }\r\n\r\n\r\n        if (!this.Validator(eqv))\r\n            return \"NaN\";\r\n        try {\r\n            console.log(eqv);\r\n\r\n            let func = new Function(\"return (()=>\" + eqv + \")()\");\r\n            let res = func();\r\n            return res;\r\n\r\n        } catch (err) {\r\n            console.log(err);\r\n            return \"NaN\";\r\n        }\r\n    }\r\n\r\n    //{aPlayerCount} - total alive players\r\n    //{pCount} - total players count\r\n    //{r:<rolename>:count} - count of one role people e.g. {r:mafia:count}\r\n    //{a:<actionname>:count} - count of people with action e.g. {a:kill:count}\r\n    //{aa:<actionname>:count} - count of alive people with action e.g. {aa:kill:count}\r\n    //{ar:<rolename>:count} - count of one role alive people e.g. {ar:mafia:count}\r\n    public static WinningEngine(eqv: string, players: MafiaUser[]): boolean | number {\r\n        eqv = eqv.replace(\"{pCount}\", String(players.length));\r\n        eqv = eqv.replace(\"{aPlayerCount}\", String(players.filter((item) => item.isKilled === false).length));\r\n        let arr = eqv.split('{r:');\r\n        for (let i = 0; i < arr.length; i++) {\r\n            if (i !== 0) {\r\n                const name = arr[i].split(':count}')[0].replace(\"<\", \"\").replace(\">\", \"\");\r\n                const count = players.filter(item => item.role.RoleName == name).length;\r\n                arr[i] = count + arr[i].split(':count}')[1];\r\n\r\n            }\r\n        }\r\n        eqv = arr.join('');\r\n        arr = eqv.split('{a:');\r\n        for (let i = 0; i < arr.length; i++) {\r\n            if (i !== 0) {\r\n                const name = arr[i].split(':count}')[0].replace(\"<\", \"\").replace(\">\", \"\");\r\n                const count = players.filter(item => item.role.ActionOnSelect == name).length;\r\n                arr[i] = count + arr[i].split(':count}')[1]\r\n\r\n            }\r\n        }\r\n        eqv = arr.join('');\r\n        arr = eqv.split('{aa:');\r\n        for (let i = 0; i < arr.length; i++) {\r\n            if (i !== 0) {\r\n                const name = arr[i].split(':count}')[0].replace(\"<\", \"\").replace(\">\", \"\");\r\n                const count = players.filter(item => item.role.ActionOnSelect == name && item.isKilled == false).length;\r\n                arr[i] = count + arr[i].split(':count}')[1];\r\n\r\n\r\n            }\r\n        }\r\n        eqv = arr.join('');\r\n        arr = eqv.split('{ar:');\r\n        for (let i = 0; i < arr.length; i++) {\r\n            if (i !== 0) {\r\n                const name = arr[i].split(':count}')[0].replace(\"<\", \"\").replace(\">\", \"\");\r\n                const count = players.filter(item => item.role.RoleName == name && item.isKilled == false).length;\r\n                arr[i] = count + arr[i].split(':count}')[1];\r\n\r\n            }\r\n        }\r\n        eqv = arr.join('')\r\n        if (!this.Validator(eqv))\r\n            return NaN;\r\n        try {\r\n            let func = new Function(\"return (()=>\" + eqv + \")()\");\r\n            let res = func();\r\n            return res;\r\n        } catch (err) {\r\n            return NaN;\r\n        }\r\n    }\r\n}"]},"_coverageSchema":"1a1c01bbd47fc00a2c39e90264f33305004495a9","hash":"2f17cc59e54a9f6052bfdd230d15b38b7591d29e","contentHash":"037086332ba73c4f49c36f1020a2d10a32ede3943f2c4e89a92912b092f39577"},"C:\\Users\\manto\\OneDrive\\Documents\\GitHub\\mafia-bot\\src\\Classes\\Roles\\MafiaRole.ts":{"path":"C:\\Users\\manto\\OneDrive\\Documents\\GitHub\\mafia-bot\\src\\Classes\\Roles\\MafiaRole.ts","statementMap":{"0":{"start":{"line":2,"column":22},"end":{"line":4,"column":1}},"1":{"start":{"line":3,"column":4},"end":{"line":3,"column":62}},"2":{"start":{"line":5,"column":0},"end":{"line":5,"column":62}},"3":{"start":{"line":6,"column":19},"end":{"line":6,"column":57}},"4":{"start":{"line":9,"column":8},"end":{"line":9,"column":16}},"5":{"start":{"line":10,"column":8},"end":{"line":14,"column":10}},"6":{"start":{"line":15,"column":8},"end":{"line":15,"column":32}},"7":{"start":{"line":16,"column":8},"end":{"line":16,"column":34}},"8":{"start":{"line":17,"column":8},"end":{"line":17,"column":37}},"9":{"start":{"line":18,"column":8},"end":{"line":18,"column":34}},"10":{"start":{"line":19,"column":8},"end":{"line":19,"column":46}},"11":{"start":{"line":20,"column":8},"end":{"line":20,"column":41}},"12":{"start":{"line":21,"column":8},"end":{"line":21,"column":27}},"13":{"start":{"line":22,"column":8},"end":{"line":22,"column":48}},"14":{"start":{"line":23,"column":8},"end":{"line":23,"column":38}},"15":{"start":{"line":24,"column":8},"end":{"line":24,"column":141}},"16":{"start":{"line":25,"column":8},"end":{"line":25,"column":35}},"17":{"start":{"line":26,"column":8},"end":{"line":26,"column":108}},"18":{"start":{"line":29,"column":0},"end":{"line":29,"column":28}}},"fnMap":{"0":{"name":"(anonymous_0)","decl":{"start":{"line":2,"column":56},"end":{"line":2,"column":57}},"loc":{"start":{"line":2,"column":71},"end":{"line":4,"column":1}},"line":2},"1":{"name":"(anonymous_1)","decl":{"start":{"line":8,"column":4},"end":{"line":8,"column":5}},"loc":{"start":{"line":8,"column":18},"end":{"line":27,"column":5}},"line":8}},"branchMap":{"0":{"loc":{"start":{"line":2,"column":22},"end":{"line":4,"column":1}},"type":"binary-expr","locations":[{"start":{"line":2,"column":23},"end":{"line":2,"column":27}},{"start":{"line":2,"column":31},"end":{"line":2,"column":51}},{"start":{"line":2,"column":56},"end":{"line":4,"column":1}}],"line":2},"1":{"loc":{"start":{"line":3,"column":11},"end":{"line":3,"column":61}},"type":"cond-expr","locations":[{"start":{"line":3,"column":37},"end":{"line":3,"column":40}},{"start":{"line":3,"column":43},"end":{"line":3,"column":61}}],"line":3},"2":{"loc":{"start":{"line":3,"column":12},"end":{"line":3,"column":33}},"type":"binary-expr","locations":[{"start":{"line":3,"column":12},"end":{"line":3,"column":15}},{"start":{"line":3,"column":19},"end":{"line":3,"column":33}}],"line":3}},"s":{"0":1,"1":1,"2":1,"3":1,"4":5,"5":5,"6":5,"7":5,"8":5,"9":5,"10":5,"11":5,"12":5,"13":5,"14":5,"15":5,"16":5,"17":5,"18":1},"f":{"0":1,"1":5},"b":{"0":[1,1,1],"1":[1,0],"2":[1,1]},"inputSourceMap":{"version":3,"file":"C:/Users/manto/OneDrive/Documents/GitHub/mafia-bot/src/Classes/Roles/MafiaRole.ts","sources":["C:/Users/manto/OneDrive/Documents/GitHub/mafia-bot/src/Classes/Roles/MafiaRole.ts"],"names":[],"mappings":";;;;;AAAA,0DAAkC;AAElC,MAAqB,SAAU,SAAQ,kBAAQ;IAC3C;QACI,KAAK,EAAE,CAAA;QACP,IAAI,CAAC,UAAU,GAAG;YACd,EAAE,EAAE,OAAO;YACX,EAAE,EAAE,OAAO;YACX,EAAE,EAAE,OAAO;SACd,CAAA;QACD,IAAI,CAAC,QAAQ,GAAG,OAAO,CAAC;QACxB,IAAI,CAAC,gBAAgB,GAAG,CAAC,CAAC;QAC1B,IAAI,CAAC,cAAc,GAAG,MAAM,CAAC;QAC7B,IAAI,CAAC,aAAa,GAAG,IAAI,CAAC;QAC1B,IAAI,CAAC,KAAK,GAAG,wBAAwB,CAAC;QACtC,IAAI,CAAC,MAAM,GAAG,CAAC,IAAI,EAAE,IAAI,EAAE,IAAI,CAAC,CAAC;QACjC,IAAI,CAAC,SAAS,GAAG,CAAC,CAAC;QACnB,IAAI,CAAC,WAAW,GAAG,oBAAoB,CAAC;QACxC,IAAI,CAAC,iBAAiB,GAAG,IAAI,CAAC;QAC9B,IAAI,CAAC,SAAS,GAAC,mHAAmH,CAAC;QACnI,IAAI,CAAC,cAAc,GAAG,IAAI,CAAC;QAC3B,IAAI,CAAC,WAAW,GAAG,gFAAgF,CAAC;IACxG,CAAC;CACJ;AArBD,4BAqBC","sourcesContent":["import BaseRole from \"./BaseRole\";\r\n\r\nexport default class MafiaRole extends BaseRole{\r\n    constructor() {\r\n        super()\r\n        this.NameLocals = {\r\n            EN: \"Mafia\",\r\n            RU: \"Мафия\",\r\n            UA: \"Мафія\"\r\n        }\r\n        this.RoleName = \"mafia\";\r\n        this.DelayForActivity = 1;\r\n        this.ActionOnSelect = \"kill\";\r\n        this.GroupDecision = true;\r\n        this.Count = \"Math.floor({pCount}/3)\";\r\n        this.Emojis = ['🔪', '🪓', '🩸'];\r\n        this.SpawnFrom = 0;\r\n        this.PlaceHolder = \"Выберите жертву...\";\r\n        this.PlaceHolderLocals = null;\r\n        this.ImageLink=\"https://media.discordapp.net/attachments/1015944207220879370/1015959932228616242/unknown.png?width=469&height=469\";\r\n        this.SelfSelectable = true;\r\n        this.Description = `%KILL EVERYONE AND SURVIVE! Good luck! \\n Your teammates:% + %{oPlayersTRole}%`;\r\n    }\r\n}"]},"_coverageSchema":"1a1c01bbd47fc00a2c39e90264f33305004495a9","hash":"ed2ded75de0c48ad902f6fff2adc52ab1f4b4723","contentHash":"2fb8a4885345813aa4a97a57695c627238cc4567407c4ccd2256e5be1da82bc7"},"C:\\Users\\manto\\OneDrive\\Documents\\GitHub\\mafia-bot\\src\\Classes\\Roles\\BaseRole.ts":{"path":"C:\\Users\\manto\\OneDrive\\Documents\\GitHub\\mafia-bot\\src\\Classes\\Roles\\BaseRole.ts","statementMap":{"0":{"start":{"line":2,"column":0},"end":{"line":2,"column":62}},"1":{"start":{"line":3,"column":21},"end":{"line":3,"column":42}},"2":{"start":{"line":6,"column":8},"end":{"line":6,"column":38}},"3":{"start":{"line":7,"column":8},"end":{"line":7,"column":28}},"4":{"start":{"line":10,"column":8},"end":{"line":10,"column":28}},"5":{"start":{"line":13,"column":8},"end":{"line":14,"column":24}},"6":{"start":{"line":14,"column":12},"end":{"line":14,"column":24}},"7":{"start":{"line":15,"column":26},"end":{"line":15,"column":28}},"8":{"start":{"line":16,"column":8},"end":{"line":24,"column":9}},"9":{"start":{"line":17,"column":12},"end":{"line":23,"column":13}},"10":{"start":{"line":18,"column":32},"end":{"line":21,"column":38}},"11":{"start":{"line":22,"column":16},"end":{"line":22,"column":40}},"12":{"start":{"line":25,"column":8},"end":{"line":32,"column":36}},"13":{"start":{"line":35,"column":38},"end":{"line":35,"column":99}},"14":{"start":{"line":35,"column":64},"end":{"line":35,"column":98}},"15":{"start":{"line":36,"column":26},"end":{"line":36,"column":28}},"16":{"start":{"line":42,"column":23},"end":{"line":42,"column":53}},"17":{"start":{"line":43,"column":8},"end":{"line":49,"column":9}},"18":{"start":{"line":44,"column":28},"end":{"line":47,"column":34}},"19":{"start":{"line":48,"column":12},"end":{"line":48,"column":36}},"20":{"start":{"line":50,"column":8},"end":{"line":57,"column":36}},"21":{"start":{"line":60,"column":0},"end":{"line":60,"column":27}}},"fnMap":{"0":{"name":"(anonymous_0)","decl":{"start":{"line":5,"column":4},"end":{"line":5,"column":5}},"loc":{"start":{"line":5,"column":18},"end":{"line":8,"column":5}},"line":5},"1":{"name":"(anonymous_1)","decl":{"start":{"line":9,"column":4},"end":{"line":9,"column":5}},"loc":{"start":{"line":9,"column":21},"end":{"line":11,"column":5}},"line":9},"2":{"name":"(anonymous_2)","decl":{"start":{"line":12,"column":4},"end":{"line":12,"column":5}},"loc":{"start":{"line":12,"column":57},"end":{"line":33,"column":5}},"line":12},"3":{"name":"(anonymous_3)","decl":{"start":{"line":34,"column":4},"end":{"line":34,"column":5}},"loc":{"start":{"line":34,"column":45},"end":{"line":58,"column":5}},"line":34},"4":{"name":"(anonymous_4)","decl":{"start":{"line":35,"column":56},"end":{"line":35,"column":57}},"loc":{"start":{"line":35,"column":64},"end":{"line":35,"column":98}},"line":35}},"branchMap":{"0":{"loc":{"start":{"line":12,"column":32},"end":{"line":12,"column":48}},"type":"default-arg","locations":[{"start":{"line":12,"column":43},"end":{"line":12,"column":48}}],"line":12},"1":{"loc":{"start":{"line":13,"column":8},"end":{"line":14,"column":24}},"type":"if","locations":[{"start":{"line":13,"column":8},"end":{"line":14,"column":24}},{"start":{"line":13,"column":8},"end":{"line":14,"column":24}}],"line":13},"2":{"loc":{"start":{"line":17,"column":12},"end":{"line":23,"column":13}},"type":"if","locations":[{"start":{"line":17,"column":12},"end":{"line":23,"column":13}},{"start":{"line":17,"column":12},"end":{"line":23,"column":13}}],"line":17},"3":{"loc":{"start":{"line":17,"column":16},"end":{"line":17,"column":86}},"type":"binary-expr","locations":[{"start":{"line":17,"column":17},"end":{"line":17,"column":37}},{"start":{"line":17,"column":41},"end":{"line":17,"column":60}},{"start":{"line":17,"column":66},"end":{"line":17,"column":85}}],"line":17},"4":{"loc":{"start":{"line":28,"column":28},"end":{"line":28,"column":120}},"type":"cond-expr","locations":[{"start":{"line":28,"column":53},"end":{"line":28,"column":101}},{"start":{"line":28,"column":104},"end":{"line":28,"column":120}}],"line":28},"5":{"loc":{"start":{"line":34,"column":27},"end":{"line":34,"column":43}},"type":"default-arg","locations":[{"start":{"line":34,"column":38},"end":{"line":34,"column":43}}],"line":34}},"s":{"0":1,"1":1,"2":10,"3":10,"4":0,"5":0,"6":0,"7":0,"8":0,"9":0,"10":0,"11":0,"12":0,"13":0,"14":0,"15":0,"16":0,"17":0,"18":0,"19":0,"20":0,"21":1},"f":{"0":10,"1":0,"2":0,"3":0,"4":0},"b":{"0":[0],"1":[0,0],"2":[0,0],"3":[0,0,0],"4":[0,0],"5":[0]},"inputSourceMap":{"version":3,"file":"C:/Users/manto/OneDrive/Documents/GitHub/mafia-bot/src/Classes/Roles/BaseRole.ts","sources":["C:/Users/manto/OneDrive/Documents/GitHub/mafia-bot/src/Classes/Roles/BaseRole.ts"],"names":[],"mappings":";;AAAA,2CAAqG;AAIrG,MAA8B,QAAQ;IAAtC;QAUW,sBAAiB,GAAkD,IAAI,CAAC;QAIxE,cAAS,GAAgB,EAAE,CAAC;IA4DvC,CAAC;IA1DU,cAAc;QACjB,IAAI,CAAC,SAAS,GAAG,EAAE,CAAA;IACvB,CAAC;IAEM,eAAe,CAAC,UAAuB,EAAE,QAAQ,GAAG,KAAK,EAAE,KAAgB;QAC9E,IAAI,IAAI,CAAC,cAAc,IAAI,aAAa;YACpC,OAAO,IAAI,CAAC;QAChB,MAAM,SAAS,GAAyC,EAAE,CAAC;QAC3D,KAAK,IAAI,IAAI,IAAI,UAAU,EAAE;YACzB,IAAI,CAAC,CAAC,IAAI,CAAC,cAAc,IAAI,IAAI,CAAC,EAAE,IAAI,KAAK,CAAC,EAAE,CAAC,IAAI,CAAC,IAAI,CAAC,cAAc,CAAC,EAAE;gBACxE,MAAM,OAAO,GAAG,IAAI,oCAAuB,EAAE;qBACxC,QAAQ,CAAC,IAAI,CAAC,MAAM,CAAC,GAAG,CAAC;qBACzB,QAAQ,CAAC,CAAC,IAAI,CAAC,MAAM,CAAC,CAAC,IAAI,CAAC,KAAK,CAAC,IAAI,CAAC,MAAM,EAAE,GAAG,IAAI,CAAC,MAAM,CAAC,MAAM,CAAC,CAAC,CAAC;qBACvE,QAAQ,CAAC,IAAI,CAAC,EAAE,CAAC,CAAC;gBACvB,SAAS,CAAC,IAAI,CAAC,OAAO,CAAC,CAAA;aAC1B;SACJ;QACD,OAAO,IAAI,6BAAgB,EAAqB;aAC3C,aAAa,CACV,IAAI,8BAAiB,EAAE;aAClB,WAAW,CAAC,IAAI,CAAC,QAAQ,GAAG,SAAS,CAAC;aACtC,cAAc,CAAC,IAAI,CAAC,iBAAiB,CAAC,CAAC,CAAC,IAAI,CAAC,iBAAiB,CAAC,KAAK,CAAC,IAAI,CAAC,WAAW,EAAkD,CAAC,CAAC,CAAC,CAAC,IAAI,CAAC,WAAW,CAAC;aAC5J,YAAY,CAAC,CAAC,CAAC;aACf,YAAY,CAAC,CAAC,CAAC;aACf,UAAU,CAAC,SAAS,CAAC;aACrB,WAAW,CAAC,QAAQ,CAAC,CAC7B,CAAC;IACV,CAAC;IAED,UAAU,CAAC,UAAuB,EAAE,QAAQ,GAAG,KAAK;QAChD,MAAM,qBAAqB,GAAgB,UAAU,CAAC,MAAM,CAAC,IAAI,CAAC,EAAE,CAAC,IAAI,CAAC,aAAa,CAAC,KAAK,KAAK,KAAK,CAAC,CAAC;QACzG,MAAM,SAAS,GAAyC,EAAE,CAAC;QAC3D,6CAA6C;QAC7C,0CAA0C;QAC1C,sBAAsB;QACtB,8BAA8B;QAC9B,wBAAwB;QACxB,MAAM,MAAM,GAAa,CAAC,KAAK,EAAE,IAAI,EAAE,IAAI,EAAE,IAAI,EAAE,GAAG,CAAC,CAAC;QAExD,KAAK,IAAI,IAAI,IAAI,qBAAqB,EAAE;YACpC,MAAM,OAAO,GAAG,IAAI,oCAAuB,EAAE;iBACxC,QAAQ,CAAC,IAAI,CAAC,MAAM,CAAC,GAAG,CAAC;iBACzB,QAAQ,CAAC,MAAM,CAAC,IAAI,CAAC,KAAK,CAAC,IAAI,CAAC,MAAM,EAAE,GAAG,MAAM,CAAC,MAAM,CAAC,CAAC,CAAC;iBAC3D,QAAQ,CAAC,IAAI,CAAC,EAAE,CAAC,CAAC;YACvB,SAAS,CAAC,IAAI,CAAC,OAAO,CAAC,CAAC;SAC3B;QACD,OAAO,IAAI,6BAAgB,EAAqB;aAC3C,aAAa,CACV,IAAI,8BAAiB,EAAE;aAClB,WAAW,CAAC,aAAa,CAAC;aAC1B,cAAc,CAAC,sCAAsC,CAAC;aACtD,YAAY,CAAC,CAAC,CAAC;aACf,YAAY,CAAC,CAAC,CAAC;aACf,UAAU,CAAC,SAAS,CAAC;aACrB,WAAW,CAAC,QAAQ,CAAC,CAC7B,CAAC;IACV,CAAC;CAEJ;AA1ED,2BA0EC","sourcesContent":["import {ActionRowBuilder, RestOrArray, SelectMenuBuilder, SelectMenuOptionBuilder} from \"discord.js\";\r\nimport MafiaUser from \"../MafiaUser\";\r\nimport IUserProps from \"../../types/interfaces/IUser\";\r\n\r\nexport default abstract class BaseRole {\r\n    public RoleName: string;\r\n    public NameLocals: { EN: string, UA: string, RU: string } | null;\r\n    public ActionOnSelect: \"kill\" | \"heal\" | \"alibi\" | \"check\" | \"full_check\" | \"no_activity\";\r\n    public DelayForActivity: number | \"never\";\r\n    public GroupDecision: boolean;\r\n    public Count: number | string;\r\n    public Emojis: string[] | null;\r\n    public SpawnFrom: number;\r\n    public PlaceHolder: string;\r\n    public PlaceHolderLocals: { EN: string, UA: string, RU: string } | null = null;\r\n    public ImageLink: string | null;\r\n    public Description: string;\r\n    public SelfSelectable: boolean;\r\n    public Selection: MafiaUser[] = [];\r\n\r\n    public clearSelection() {\r\n        this.Selection = []\r\n    }\r\n\r\n    public GetNightVoteRow(aliveUsers: MafiaUser[], unactive = false, owner: MafiaUser) {\r\n        if (this.ActionOnSelect == \"no_activity\")\r\n            return null;\r\n        const chooseArr: RestOrArray<SelectMenuOptionBuilder> = [];\r\n        for (let user of aliveUsers) {\r\n            if ((!this.SelfSelectable && user.id != owner.id) || (this.SelfSelectable)) {\r\n                const chooser = new SelectMenuOptionBuilder()\r\n                    .setLabel(user.dsUser.tag)\r\n                    .setEmoji((this.Emojis)[Math.floor(Math.random() * this.Emojis.length)])\r\n                    .setValue(user.id);\r\n                chooseArr.push(chooser)\r\n            }\r\n        }\r\n        return new ActionRowBuilder<SelectMenuBuilder>()\r\n            .addComponents(\r\n                new SelectMenuBuilder()\r\n                    .setCustomId(this.RoleName + \"_select\")\r\n                    .setPlaceholder(this.PlaceHolderLocals ? this.PlaceHolderLocals[owner.lang.toUpperCase() as keyof { EN: string, RU: string, UA: string }] : this.PlaceHolder)\r\n                    .setMinValues(1)\r\n                    .setMaxValues(1)\r\n                    .addOptions(chooseArr)\r\n                    .setDisabled(unactive),\r\n            );\r\n    }\r\n\r\n    GetVoteRow(aliveUsers: MafiaUser[], unactive = false) {\r\n        const NonAlibiAndAliveUsers: MafiaUser[] = aliveUsers.filter(item => item.actionsOnUser.alibi === false);\r\n        const chooseArr: RestOrArray<SelectMenuOptionBuilder> = [];\r\n        // const skip = new SelectMenuOptionBuilder()\r\n        //     .setLabel(\"Пропустить голосование\")\r\n        //     .setEmoji(\"▶️\")\r\n        //     .setValue(\"skip_vote\");\r\n        // chooseArr.push(skip);\r\n        const Emojis: string[] = ['🗳️', '📄', '✒️', '🖋', '⏱'];\r\n\r\n        for (let user of NonAlibiAndAliveUsers) {\r\n            const chooser = new SelectMenuOptionBuilder()\r\n                .setLabel(user.dsUser.tag)\r\n                .setEmoji(Emojis[Math.floor(Math.random() * Emojis.length)])\r\n                .setValue(user.id);\r\n            chooseArr.push(chooser);\r\n        }\r\n        return new ActionRowBuilder<SelectMenuBuilder>()\r\n            .addComponents(\r\n                new SelectMenuBuilder()\r\n                    .setCustomId(\"vote_select\")\r\n                    .setPlaceholder('Выберите против кого вы голосуете...')\r\n                    .setMinValues(1)\r\n                    .setMaxValues(1)\r\n                    .addOptions(chooseArr)\r\n                    .setDisabled(unactive),\r\n            );\r\n    }\r\n\r\n}"]},"_coverageSchema":"1a1c01bbd47fc00a2c39e90264f33305004495a9","hash":"4135cb76426e05396bd865a6b281d506612c049b","contentHash":"4f9e651ffa1a577c936ed002a64d4357756e39041aa52cc6c1431a39eaa77b44"},"C:\\Users\\manto\\OneDrive\\Documents\\GitHub\\mafia-bot\\src\\Classes\\Roles\\PeacefulRole.ts":{"path":"C:\\Users\\manto\\OneDrive\\Documents\\GitHub\\mafia-bot\\src\\Classes\\Roles\\PeacefulRole.ts","statementMap":{"0":{"start":{"line":2,"column":22},"end":{"line":4,"column":1}},"1":{"start":{"line":3,"column":4},"end":{"line":3,"column":62}},"2":{"start":{"line":5,"column":0},"end":{"line":5,"column":62}},"3":{"start":{"line":6,"column":19},"end":{"line":6,"column":57}},"4":{"start":{"line":9,"column":8},"end":{"line":9,"column":16}},"5":{"start":{"line":10,"column":8},"end":{"line":14,"column":10}},"6":{"start":{"line":15,"column":8},"end":{"line":15,"column":35}},"7":{"start":{"line":16,"column":8},"end":{"line":16,"column":34}},"8":{"start":{"line":17,"column":8},"end":{"line":17,"column":44}},"9":{"start":{"line":18,"column":8},"end":{"line":18,"column":35}},"10":{"start":{"line":19,"column":8},"end":{"line":19,"column":47}},"11":{"start":{"line":20,"column":8},"end":{"line":20,"column":27}},"12":{"start":{"line":21,"column":8},"end":{"line":21,"column":27}},"13":{"start":{"line":22,"column":8},"end":{"line":22,"column":38}},"14":{"start":{"line":23,"column":8},"end":{"line":23,"column":31}},"15":{"start":{"line":24,"column":8},"end":{"line":24,"column":141}},"16":{"start":{"line":25,"column":8},"end":{"line":25,"column":35}},"17":{"start":{"line":26,"column":8},"end":{"line":26,"column":61}},"18":{"start":{"line":29,"column":0},"end":{"line":29,"column":31}}},"fnMap":{"0":{"name":"(anonymous_0)","decl":{"start":{"line":2,"column":56},"end":{"line":2,"column":57}},"loc":{"start":{"line":2,"column":71},"end":{"line":4,"column":1}},"line":2},"1":{"name":"(anonymous_1)","decl":{"start":{"line":8,"column":4},"end":{"line":8,"column":5}},"loc":{"start":{"line":8,"column":18},"end":{"line":27,"column":5}},"line":8}},"branchMap":{"0":{"loc":{"start":{"line":2,"column":22},"end":{"line":4,"column":1}},"type":"binary-expr","locations":[{"start":{"line":2,"column":23},"end":{"line":2,"column":27}},{"start":{"line":2,"column":31},"end":{"line":2,"column":51}},{"start":{"line":2,"column":56},"end":{"line":4,"column":1}}],"line":2},"1":{"loc":{"start":{"line":3,"column":11},"end":{"line":3,"column":61}},"type":"cond-expr","locations":[{"start":{"line":3,"column":37},"end":{"line":3,"column":40}},{"start":{"line":3,"column":43},"end":{"line":3,"column":61}}],"line":3},"2":{"loc":{"start":{"line":3,"column":12},"end":{"line":3,"column":33}},"type":"binary-expr","locations":[{"start":{"line":3,"column":12},"end":{"line":3,"column":15}},{"start":{"line":3,"column":19},"end":{"line":3,"column":33}}],"line":3}},"s":{"0":1,"1":1,"2":1,"3":1,"4":3,"5":3,"6":3,"7":3,"8":3,"9":3,"10":3,"11":3,"12":3,"13":3,"14":3,"15":3,"16":3,"17":3,"18":1},"f":{"0":1,"1":3},"b":{"0":[1,1,1],"1":[1,0],"2":[1,1]},"inputSourceMap":{"version":3,"file":"C:/Users/manto/OneDrive/Documents/GitHub/mafia-bot/src/Classes/Roles/PeacefulRole.ts","sources":["C:/Users/manto/OneDrive/Documents/GitHub/mafia-bot/src/Classes/Roles/PeacefulRole.ts"],"names":[],"mappings":";;;;;AAAA,0DAAkC;AAElC,MAAqB,YAAa,SAAQ,kBAAQ;IAC9C;QACI,KAAK,EAAE,CAAA;QACP,IAAI,CAAC,UAAU,GAAG;YACd,EAAE,EAAE,UAAU;YACd,EAAE,EAAE,QAAQ;YACZ,EAAE,EAAE,QAAQ;SACf,CAAA;QACD,IAAI,CAAC,QAAQ,GAAG,UAAU,CAAC;QAC3B,IAAI,CAAC,gBAAgB,GAAG,CAAC,CAAC;QAC1B,IAAI,CAAC,cAAc,GAAG,aAAa,CAAC;QACpC,IAAI,CAAC,aAAa,GAAG,KAAK,CAAC;QAC3B,IAAI,CAAC,KAAK,GAAG,yBAAyB,CAAC;QACvC,IAAI,CAAC,SAAS,GAAG,CAAC,CAAC;QACnB,IAAI,CAAC,MAAM,GAAG,IAAI,CAAC;QACnB,IAAI,CAAC,iBAAiB,GAAG,IAAI,CAAC;QAC9B,IAAI,CAAC,WAAW,GAAG,GAAG,CAAC;QACvB,IAAI,CAAC,SAAS,GAAC,mHAAmH,CAAC;QACnI,IAAI,CAAC,cAAc,GAAG,IAAI,CAAC;QAC3B,IAAI,CAAC,WAAW,GAAG,iCAAiC,CAAA;IAExD,CAAC;CACJ;AAtBD,+BAsBC","sourcesContent":["import BaseRole from \"./BaseRole\";\r\n\r\nexport default class PeacefulRole extends BaseRole{\r\n    constructor() {\r\n        super()\r\n        this.NameLocals = {\r\n            EN: \"Innocent\",\r\n            RU: \"Мирный\",\r\n            UA: \"Мирний\"\r\n        }\r\n        this.RoleName = \"innocent\";\r\n        this.DelayForActivity = 0;\r\n        this.ActionOnSelect = \"no_activity\";\r\n        this.GroupDecision = false;\r\n        this.Count = \"{pCount}-{oRolesPCount}\";\r\n        this.SpawnFrom = 0;\r\n        this.Emojis = null;\r\n        this.PlaceHolderLocals = null;\r\n        this.PlaceHolder = \"A\";\r\n        this.ImageLink=\"https://media.discordapp.net/attachments/1015944207220879370/1015959932228616242/unknown.png?width=469&height=469\";\r\n        this.SelfSelectable = true;\r\n        this.Description = \"%Your objective is to survive!%\"\r\n\r\n    }\r\n}"]},"_coverageSchema":"1a1c01bbd47fc00a2c39e90264f33305004495a9","hash":"b1e05eda94547def6bc073839d7339c6f73b1790","contentHash":"cc4c60e1f7bcf1f9922679402ae8653fe824023222e7c3340d49233877f95be5"},"C:\\Users\\manto\\OneDrive\\Documents\\GitHub\\mafia-bot\\src\\Classes\\MafiaUser.ts":{"path":"C:\\Users\\manto\\OneDrive\\Documents\\GitHub\\mafia-bot\\src\\Classes\\MafiaUser.ts","statementMap":{"0":{"start":{"line":2,"column":0},"end":{"line":2,"column":62}},"1":{"start":{"line":3,"column":16},"end":{"line":3,"column":35}},"2":{"start":{"line":6,"column":8},"end":{"line":13,"column":10}},"3":{"start":{"line":14,"column":8},"end":{"line":14,"column":25}},"4":{"start":{"line":15,"column":8},"end":{"line":15,"column":21}},"5":{"start":{"line":16,"column":8},"end":{"line":16,"column":25}},"6":{"start":{"line":17,"column":8},"end":{"line":17,"column":63}},"7":{"start":{"line":18,"column":8},"end":{"line":18,"column":25}},"8":{"start":{"line":19,"column":8},"end":{"line":19,"column":30}},"9":{"start":{"line":20,"column":8},"end":{"line":20,"column":30}},"10":{"start":{"line":21,"column":8},"end":{"line":21,"column":29}},"11":{"start":{"line":22,"column":8},"end":{"line":22,"column":29}},"12":{"start":{"line":23,"column":8},"end":{"line":25,"column":9}},"13":{"start":{"line":24,"column":12},"end":{"line":24,"column":52}},"14":{"start":{"line":28,"column":8},"end":{"line":33,"column":9}},"15":{"start":{"line":29,"column":12},"end":{"line":29,"column":124}},"16":{"start":{"line":32,"column":12},"end":{"line":32,"column":125}},"17":{"start":{"line":36,"column":0},"end":{"line":36,"column":28}}},"fnMap":{"0":{"name":"(anonymous_0)","decl":{"start":{"line":5,"column":4},"end":{"line":5,"column":5}},"loc":{"start":{"line":5,"column":48},"end":{"line":26,"column":5}},"line":5},"1":{"name":"(anonymous_1)","decl":{"start":{"line":27,"column":4},"end":{"line":27,"column":5}},"loc":{"start":{"line":27,"column":19},"end":{"line":34,"column":5}},"line":27}},"branchMap":{"0":{"loc":{"start":{"line":23,"column":8},"end":{"line":25,"column":9}},"type":"if","locations":[{"start":{"line":23,"column":8},"end":{"line":25,"column":9}},{"start":{"line":23,"column":8},"end":{"line":25,"column":9}}],"line":23},"1":{"loc":{"start":{"line":28,"column":8},"end":{"line":33,"column":9}},"type":"if","locations":[{"start":{"line":28,"column":8},"end":{"line":33,"column":9}},{"start":{"line":28,"column":8},"end":{"line":33,"column":9}}],"line":28}},"s":{"0":1,"1":1,"2":7,"3":7,"4":7,"5":7,"6":7,"7":7,"8":7,"9":7,"10":7,"11":7,"12":7,"13":2,"14":0,"15":0,"16":0,"17":1},"f":{"0":7,"1":0},"b":{"0":[2,5],"1":[0,0]},"inputSourceMap":{"version":3,"file":"C:/Users/manto/OneDrive/Documents/GitHub/mafia-bot/src/Classes/MafiaUser.ts","sources":["C:/Users/manto/OneDrive/Documents/GitHub/mafia-bot/src/Classes/MafiaUser.ts"],"names":[],"mappings":";;AAIA,oCAAoD;AAIpD,MAAqB,SAAS;IAU1B,YAAY,EAAU,EAAE,IAAW,EAAE,IAAc,EAAE,MAAmB,EAAE,MAAY;QAc/E,kBAAa,GAQhB;YACA,IAAI,EAAE,KAAK;YACX,IAAI,EAAE,KAAK;YACX,KAAK,EAAE,KAAK;YACZ,KAAK,EAAE,CAAC;YACR,QAAQ,EAAE,KAAK;YACf,aAAa,EAAE,KAAK;SACvB,CAAA;QA5BG,IAAI,CAAC,IAAI,GAAG,IAAI,CAAC;QACjB,IAAI,CAAC,EAAE,GAAG,EAAE,CAAC;QACb,IAAI,CAAC,IAAI,GAAG,IAAI,CAAC;QACjB,IAAI,CAAC,KAAK,GAAG,qBAAa,CAAC,IAAI,CAAC,WAAW,EAAuB,CAAC,CAAA;QACnE,IAAI,CAAC,IAAI,GAAG,IAAI,CAAC;QACjB,IAAI,CAAC,QAAQ,GAAG,KAAK,CAAC;QACtB,IAAI,CAAC,QAAQ,GAAG,KAAK,CAAC;QACtB,IAAI,CAAC,MAAM,GAAG,MAAM,CAAC;QACrB,IAAI,CAAC,MAAM,GAAG,MAAM,CAAC;QACrB,IAAG,IAAI,CAAC,IAAI,CAAC,cAAc,IAAI,aAAa,EAAC;YACzC,IAAI,CAAC,aAAa,CAAC,aAAa,GAAG,IAAI,CAAC;SAC3C;IACL,CAAC;IAmBM,YAAY;QACf,IAAI,IAAI,CAAC,IAAI,CAAC,cAAc,IAAI,aAAa,EAAC;YAC1C,IAAI,CAAC,aAAa,GAAG,EAAE,IAAI,EAAE,KAAK,EAAE,IAAI,EAAE,KAAK,EAAE,KAAK,EAAE,KAAK,EAAE,KAAK,EAAE,CAAC,EAAE,QAAQ,EAAE,KAAK,EAAE,aAAa,EAAE,IAAI,EAAE,CAAC;SACnH;aAAI;YACD,IAAI,CAAC,aAAa,GAAG,EAAE,IAAI,EAAE,KAAK,EAAE,IAAI,EAAE,KAAK,EAAE,KAAK,EAAE,KAAK,EAAE,KAAK,EAAE,CAAC,EAAE,QAAQ,EAAE,KAAK,EAAE,aAAa,EAAE,KAAK,EAAE,CAAC;SACpH;IAEL,CAAC;CAEJ;AAnDD,4BAmDC","sourcesContent":["import {IRolesProps} from \"../types/interfaces/IRoles\";\r\nimport {ILangProps} from \"../types/interfaces/ILang\";\r\nimport {Langs} from \"../types/Langs\";\r\nimport BaseRole from \"./Roles/BaseRole\";\r\nimport {ILocalProps, localisations} from \"../index\";\r\nimport {User as DiscordUser} from \"discord.js\";\r\nimport User from \"../Entities/User\";\r\n\r\nexport default class MafiaUser{\r\n    public vote: string | null;\r\n    public dsUser: DiscordUser | null;\r\n    public dbUser: User | null;\r\n    public id: string;\r\n    public role: BaseRole;\r\n    public local: ILangProps;\r\n    public lang: Langs;\r\n    public isKilled: boolean;\r\n    public hasAlibi: boolean;\r\n    constructor(id: string, lang: Langs, role: BaseRole, dsUser: DiscordUser, dbUser: User) {\r\n        this.vote = null;\r\n        this.id = id;\r\n        this.role = role;\r\n        this.local = localisations[lang.toUpperCase() as keyof ILocalProps]\r\n        this.lang = lang;\r\n        this.isKilled = false;\r\n        this.hasAlibi = false;\r\n        this.dsUser = dsUser;\r\n        this.dbUser = dbUser;\r\n        if(this.role.ActionOnSelect == \"no_activity\"){\r\n            this.actionsOnUser.hasDoneAction = true;\r\n        }\r\n    }\r\n    public actionsOnUser: {\r\n        kill: boolean,\r\n        heal: boolean,\r\n        alibi: boolean,\r\n\r\n        voted: number,\r\n        hasVoted: boolean,\r\n        hasDoneAction: boolean,\r\n    } = {\r\n        kill: false,\r\n        heal: false,\r\n        alibi: false,\r\n        voted: 0,\r\n        hasVoted: false,\r\n        hasDoneAction: false\r\n    }\r\n\r\n\r\n    public clearActions(){\r\n        if (this.role.ActionOnSelect == \"no_activity\"){\r\n            this.actionsOnUser = { kill: false, heal: false, alibi: false, voted: 0, hasVoted: false, hasDoneAction: true };\r\n        }else{\r\n            this.actionsOnUser = { kill: false, heal: false, alibi: false, voted: 0, hasVoted: false, hasDoneAction: false };\r\n        }\r\n\r\n    }\r\n\r\n}"]},"_coverageSchema":"1a1c01bbd47fc00a2c39e90264f33305004495a9","hash":"0dbb66634b25153c94558818f274e21f84deb245","contentHash":"2f5dd9bf26d8721cf6975762a625eece95edade5fa9f3152a210fa0570493ffe"},"C:\\Users\\manto\\OneDrive\\Documents\\GitHub\\mafia-bot\\src\\index.ts":{"path":"C:\\Users\\manto\\OneDrive\\Documents\\GitHub\\mafia-bot\\src\\index.ts","statementMap":{"0":{"start":{"line":2,"column":22},"end":{"line":12,"column":3}},"1":{"start":{"line":3,"column":4},"end":{"line":3,"column":33}},"2":{"start":{"line":3,"column":26},"end":{"line":3,"column":33}},"3":{"start":{"line":4,"column":15},"end":{"line":4,"column":52}},"4":{"start":{"line":5,"column":4},"end":{"line":7,"column":5}},"5":{"start":{"line":6,"column":6},"end":{"line":6,"column":68}},"6":{"start":{"line":6,"column":51},"end":{"line":6,"column":63}},"7":{"start":{"line":8,"column":4},"end":{"line":8,"column":39}},"8":{"start":{"line":10,"column":4},"end":{"line":10,"column":33}},"9":{"start":{"line":10,"column":26},"end":{"line":10,"column":33}},"10":{"start":{"line":11,"column":4},"end":{"line":11,"column":17}},"11":{"start":{"line":13,"column":25},"end":{"line":17,"column":2}},"12":{"start":{"line":14,"column":4},"end":{"line":14,"column":72}},"13":{"start":{"line":16,"column":4},"end":{"line":16,"column":21}},"14":{"start":{"line":18,"column":19},"end":{"line":24,"column":1}},"15":{"start":{"line":19,"column":4},"end":{"line":19,"column":42}},"16":{"start":{"line":19,"column":31},"end":{"line":19,"column":42}},"17":{"start":{"line":20,"column":17},"end":{"line":20,"column":19}},"18":{"start":{"line":21,"column":4},"end":{"line":21,"column":141}},"19":{"start":{"line":21,"column":21},"end":{"line":21,"column":141}},"20":{"start":{"line":21,"column":40},"end":{"line":21,"column":141}},"21":{"start":{"line":21,"column":109},"end":{"line":21,"column":141}},"22":{"start":{"line":22,"column":4},"end":{"line":22,"column":36}},"23":{"start":{"line":23,"column":4},"end":{"line":23,"column":18}},"24":{"start":{"line":25,"column":16},"end":{"line":33,"column":1}},"25":{"start":{"line":26,"column":28},"end":{"line":26,"column":110}},"26":{"start":{"line":26,"column":91},"end":{"line":26,"column":106}},"27":{"start":{"line":27,"column":4},"end":{"line":32,"column":7}},"28":{"start":{"line":28,"column":36},"end":{"line":28,"column":97}},"29":{"start":{"line":28,"column":42},"end":{"line":28,"column":70}},"30":{"start":{"line":28,"column":85},"end":{"line":28,"column":95}},"31":{"start":{"line":29,"column":35},"end":{"line":29,"column":100}},"32":{"start":{"line":29,"column":41},"end":{"line":29,"column":73}},"33":{"start":{"line":29,"column":88},"end":{"line":29,"column":98}},"34":{"start":{"line":30,"column":32},"end":{"line":30,"column":116}},"35":{"start":{"line":31,"column":8},"end":{"line":31,"column":78}},"36":{"start":{"line":34,"column":22},"end":{"line":36,"column":1}},"37":{"start":{"line":35,"column":4},"end":{"line":35,"column":62}},"38":{"start":{"line":37,"column":0},"end":{"line":37,"column":62}},"39":{"start":{"line":38,"column":0},"end":{"line":38,"column":126}},"40":{"start":{"line":39,"column":21},"end":{"line":39,"column":42}},"41":{"start":{"line":40,"column":15},"end":{"line":40,"column":46}},"42":{"start":{"line":41,"column":18},"end":{"line":41,"column":36}},"43":{"start":{"line":42,"column":15},"end":{"line":42,"column":58}},"44":{"start":{"line":43,"column":25},"end":{"line":43,"column":79}},"45":{"start":{"line":44,"column":16},"end":{"line":44,"column":40}},"46":{"start":{"line":45,"column":21},"end":{"line":45,"column":71}},"47":{"start":{"line":46,"column":0},"end":{"line":46,"column":16}},"48":{"start":{"line":47,"column":14},"end":{"line":47,"column":31}},"49":{"start":{"line":48,"column":0},"end":{"line":52,"column":2}},"50":{"start":{"line":53,"column":0},"end":{"line":64,"column":3}},"51":{"start":{"line":65,"column":0},"end":{"line":77,"column":3}},"52":{"start":{"line":78,"column":0},"end":{"line":84,"column":3}},"53":{"start":{"line":80,"column":4},"end":{"line":80,"column":53}},"54":{"start":{"line":83,"column":4},"end":{"line":83,"column":66}},"55":{"start":{"line":85,"column":0},"end":{"line":85,"column":33}},"56":{"start":{"line":86,"column":0},"end":{"line":86,"column":37}},"57":{"start":{"line":87,"column":0},"end":{"line":210,"column":4}},"58":{"start":{"line":87,"column":60},"end":{"line":210,"column":2}},"59":{"start":{"line":88,"column":21},"end":{"line":88,"column":84}},"60":{"start":{"line":89,"column":4},"end":{"line":209,"column":5}},"61":{"start":{"line":90,"column":8},"end":{"line":93,"column":9}},"62":{"start":{"line":91,"column":12},"end":{"line":91,"column":168}},"63":{"start":{"line":92,"column":12},"end":{"line":92,"column":19}},"64":{"start":{"line":94,"column":32},"end":{"line":94,"column":43}},"65":{"start":{"line":95,"column":8},"end":{"line":98,"column":9}},"66":{"start":{"line":96,"column":12},"end":{"line":96,"column":130}},"67":{"start":{"line":97,"column":12},"end":{"line":97,"column":19}},"68":{"start":{"line":99,"column":27},"end":{"line":99,"column":63}},"69":{"start":{"line":100,"column":8},"end":{"line":100,"column":102}},"70":{"start":{"line":102,"column":9},"end":{"line":209,"column":5}},"71":{"start":{"line":103,"column":22},"end":{"line":103,"column":26}},"72":{"start":{"line":104,"column":8},"end":{"line":108,"column":9}},"73":{"start":{"line":105,"column":12},"end":{"line":107,"column":13}},"74":{"start":{"line":106,"column":16},"end":{"line":106,"column":31}},"75":{"start":{"line":109,"column":8},"end":{"line":112,"column":9}},"76":{"start":{"line":110,"column":12},"end":{"line":110,"column":77}},"77":{"start":{"line":111,"column":12},"end":{"line":111,"column":19}},"78":{"start":{"line":113,"column":26},"end":{"line":113,"column":47}},"79":{"start":{"line":114,"column":8},"end":{"line":114,"column":85}},"80":{"start":{"line":116,"column":9},"end":{"line":209,"column":5}},"81":{"start":{"line":117,"column":8},"end":{"line":208,"column":9}},"82":{"start":{"line":118,"column":12},"end":{"line":170,"column":13}},"83":{"start":{"line":120,"column":20},"end":{"line":132,"column":21}},"84":{"start":{"line":121,"column":24},"end":{"line":127,"column":34}},"85":{"start":{"line":130,"column":24},"end":{"line":130,"column":57}},"86":{"start":{"line":131,"column":24},"end":{"line":131,"column":46}},"87":{"start":{"line":133,"column":20},"end":{"line":133,"column":114}},"88":{"start":{"line":134,"column":20},"end":{"line":134,"column":27}},"89":{"start":{"line":137,"column":20},"end":{"line":149,"column":21}},"90":{"start":{"line":138,"column":24},"end":{"line":144,"column":34}},"91":{"start":{"line":147,"column":24},"end":{"line":147,"column":57}},"92":{"start":{"line":148,"column":24},"end":{"line":148,"column":46}},"93":{"start":{"line":150,"column":20},"end":{"line":150,"column":113}},"94":{"start":{"line":151,"column":20},"end":{"line":151,"column":27}},"95":{"start":{"line":154,"column":20},"end":{"line":166,"column":21}},"96":{"start":{"line":155,"column":24},"end":{"line":161,"column":34}},"97":{"start":{"line":164,"column":24},"end":{"line":164,"column":57}},"98":{"start":{"line":165,"column":24},"end":{"line":165,"column":46}},"99":{"start":{"line":167,"column":20},"end":{"line":167,"column":120}},"100":{"start":{"line":168,"column":20},"end":{"line":168,"column":27}},"101":{"start":{"line":171,"column":12},"end":{"line":174,"column":13}},"102":{"start":{"line":172,"column":16},"end":{"line":172,"column":172}},"103":{"start":{"line":173,"column":16},"end":{"line":173,"column":23}},"104":{"start":{"line":175,"column":12},"end":{"line":178,"column":13}},"105":{"start":{"line":176,"column":16},"end":{"line":176,"column":128}},"106":{"start":{"line":177,"column":16},"end":{"line":177,"column":23}},"107":{"start":{"line":179,"column":12},"end":{"line":182,"column":13}},"108":{"start":{"line":180,"column":16},"end":{"line":180,"column":129}},"109":{"start":{"line":181,"column":16},"end":{"line":181,"column":23}},"110":{"start":{"line":183,"column":27},"end":{"line":183,"column":87}},"111":{"start":{"line":184,"column":12},"end":{"line":205,"column":13}},"112":{"start":{"line":186,"column":20},"end":{"line":186,"column":138}},"113":{"start":{"line":187,"column":20},"end":{"line":187,"column":26}},"114":{"start":{"line":190,"column":20},"end":{"line":190,"column":140}},"115":{"start":{"line":191,"column":20},"end":{"line":191,"column":26}},"116":{"start":{"line":194,"column":20},"end":{"line":194,"column":139}},"117":{"start":{"line":195,"column":20},"end":{"line":195,"column":26}},"118":{"start":{"line":198,"column":20},"end":{"line":198,"column":139}},"119":{"start":{"line":199,"column":20},"end":{"line":199,"column":26}},"120":{"start":{"line":202,"column":20},"end":{"line":202,"column":137}},"121":{"start":{"line":203,"column":20},"end":{"line":203,"column":26}},"122":{"start":{"line":211,"column":0},"end":{"line":213,"column":3}},"123":{"start":{"line":212,"column":4},"end":{"line":212,"column":27}},"124":{"start":{"line":214,"column":0},"end":{"line":214,"column":32}}},"fnMap":{"0":{"name":"(anonymous_0)","decl":{"start":{"line":2,"column":74},"end":{"line":2,"column":75}},"loc":{"start":{"line":2,"column":96},"end":{"line":9,"column":1}},"line":2},"1":{"name":"(anonymous_1)","decl":{"start":{"line":6,"column":38},"end":{"line":6,"column":39}},"loc":{"start":{"line":6,"column":49},"end":{"line":6,"column":65}},"line":6},"2":{"name":"(anonymous_2)","decl":{"start":{"line":9,"column":6},"end":{"line":9,"column":7}},"loc":{"start":{"line":9,"column":28},"end":{"line":12,"column":1}},"line":9},"3":{"name":"(anonymous_3)","decl":{"start":{"line":13,"column":80},"end":{"line":13,"column":81}},"loc":{"start":{"line":13,"column":95},"end":{"line":15,"column":1}},"line":13},"4":{"name":"(anonymous_4)","decl":{"start":{"line":15,"column":5},"end":{"line":15,"column":6}},"loc":{"start":{"line":15,"column":20},"end":{"line":17,"column":1}},"line":15},"5":{"name":"(anonymous_5)","decl":{"start":{"line":18,"column":50},"end":{"line":18,"column":51}},"loc":{"start":{"line":18,"column":65},"end":{"line":24,"column":1}},"line":18},"6":{"name":"(anonymous_6)","decl":{"start":{"line":25,"column":44},"end":{"line":25,"column":45}},"loc":{"start":{"line":25,"column":89},"end":{"line":33,"column":1}},"line":25},"7":{"name":"adopt","decl":{"start":{"line":26,"column":13},"end":{"line":26,"column":18}},"loc":{"start":{"line":26,"column":26},"end":{"line":26,"column":112}},"line":26},"8":{"name":"(anonymous_8)","decl":{"start":{"line":26,"column":70},"end":{"line":26,"column":71}},"loc":{"start":{"line":26,"column":89},"end":{"line":26,"column":108}},"line":26},"9":{"name":"(anonymous_9)","decl":{"start":{"line":27,"column":36},"end":{"line":27,"column":37}},"loc":{"start":{"line":27,"column":63},"end":{"line":32,"column":5}},"line":27},"10":{"name":"fulfilled","decl":{"start":{"line":28,"column":17},"end":{"line":28,"column":26}},"loc":{"start":{"line":28,"column":34},"end":{"line":28,"column":99}},"line":28},"11":{"name":"rejected","decl":{"start":{"line":29,"column":17},"end":{"line":29,"column":25}},"loc":{"start":{"line":29,"column":33},"end":{"line":29,"column":102}},"line":29},"12":{"name":"step","decl":{"start":{"line":30,"column":17},"end":{"line":30,"column":21}},"loc":{"start":{"line":30,"column":30},"end":{"line":30,"column":118}},"line":30},"13":{"name":"(anonymous_13)","decl":{"start":{"line":34,"column":56},"end":{"line":34,"column":57}},"loc":{"start":{"line":34,"column":71},"end":{"line":36,"column":1}},"line":34},"14":{"name":"(anonymous_14)","decl":{"start":{"line":79,"column":10},"end":{"line":79,"column":11}},"loc":{"start":{"line":79,"column":16},"end":{"line":81,"column":1}},"line":79},"15":{"name":"(anonymous_15)","decl":{"start":{"line":82,"column":11},"end":{"line":82,"column":12}},"loc":{"start":{"line":82,"column":20},"end":{"line":84,"column":1}},"line":82},"16":{"name":"(anonymous_16)","decl":{"start":{"line":87,"column":43},"end":{"line":87,"column":44}},"loc":{"start":{"line":87,"column":60},"end":{"line":210,"column":2}},"line":87},"17":{"name":"(anonymous_17)","decl":{"start":{"line":87,"column":94},"end":{"line":87,"column":95}},"loc":{"start":{"line":87,"column":107},"end":{"line":210,"column":1}},"line":87},"18":{"name":"(anonymous_18)","decl":{"start":{"line":91,"column":157},"end":{"line":91,"column":158}},"loc":{"start":{"line":91,"column":163},"end":{"line":91,"column":166}},"line":91},"19":{"name":"(anonymous_19)","decl":{"start":{"line":96,"column":119},"end":{"line":96,"column":120}},"loc":{"start":{"line":96,"column":125},"end":{"line":96,"column":128}},"line":96},"20":{"name":"(anonymous_20)","decl":{"start":{"line":110,"column":66},"end":{"line":110,"column":67}},"loc":{"start":{"line":110,"column":72},"end":{"line":110,"column":75}},"line":110},"21":{"name":"(anonymous_21)","decl":{"start":{"line":133,"column":103},"end":{"line":133,"column":104}},"loc":{"start":{"line":133,"column":109},"end":{"line":133,"column":112}},"line":133},"22":{"name":"(anonymous_22)","decl":{"start":{"line":150,"column":102},"end":{"line":150,"column":103}},"loc":{"start":{"line":150,"column":108},"end":{"line":150,"column":111}},"line":150},"23":{"name":"(anonymous_23)","decl":{"start":{"line":167,"column":109},"end":{"line":167,"column":110}},"loc":{"start":{"line":167,"column":115},"end":{"line":167,"column":118}},"line":167},"24":{"name":"(anonymous_24)","decl":{"start":{"line":172,"column":161},"end":{"line":172,"column":162}},"loc":{"start":{"line":172,"column":167},"end":{"line":172,"column":170}},"line":172},"25":{"name":"(anonymous_25)","decl":{"start":{"line":211,"column":31},"end":{"line":211,"column":32}},"loc":{"start":{"line":211,"column":37},"end":{"line":213,"column":1}},"line":211}},"branchMap":{"0":{"loc":{"start":{"line":2,"column":22},"end":{"line":12,"column":3}},"type":"binary-expr","locations":[{"start":{"line":2,"column":23},"end":{"line":2,"column":27}},{"start":{"line":2,"column":31},"end":{"line":2,"column":51}},{"start":{"line":2,"column":57},"end":{"line":12,"column":2}}],"line":2},"1":{"loc":{"start":{"line":2,"column":57},"end":{"line":12,"column":2}},"type":"cond-expr","locations":[{"start":{"line":2,"column":74},"end":{"line":9,"column":1}},{"start":{"line":9,"column":6},"end":{"line":12,"column":1}}],"line":2},"2":{"loc":{"start":{"line":3,"column":4},"end":{"line":3,"column":33}},"type":"if","locations":[{"start":{"line":3,"column":4},"end":{"line":3,"column":33}},{"start":{"line":3,"column":4},"end":{"line":3,"column":33}}],"line":3},"3":{"loc":{"start":{"line":5,"column":4},"end":{"line":7,"column":5}},"type":"if","locations":[{"start":{"line":5,"column":4},"end":{"line":7,"column":5}},{"start":{"line":5,"column":4},"end":{"line":7,"column":5}}],"line":5},"4":{"loc":{"start":{"line":5,"column":8},"end":{"line":5,"column":85}},"type":"binary-expr","locations":[{"start":{"line":5,"column":8},"end":{"line":5,"column":13}},{"start":{"line":5,"column":18},"end":{"line":5,"column":84}}],"line":5},"5":{"loc":{"start":{"line":5,"column":18},"end":{"line":5,"column":84}},"type":"cond-expr","locations":[{"start":{"line":5,"column":34},"end":{"line":5,"column":47}},{"start":{"line":5,"column":50},"end":{"line":5,"column":84}}],"line":5},"6":{"loc":{"start":{"line":5,"column":50},"end":{"line":5,"column":84}},"type":"binary-expr","locations":[{"start":{"line":5,"column":50},"end":{"line":5,"column":63}},{"start":{"line":5,"column":67},"end":{"line":5,"column":84}}],"line":5},"7":{"loc":{"start":{"line":10,"column":4},"end":{"line":10,"column":33}},"type":"if","locations":[{"start":{"line":10,"column":4},"end":{"line":10,"column":33}},{"start":{"line":10,"column":4},"end":{"line":10,"column":33}}],"line":10},"8":{"loc":{"start":{"line":13,"column":25},"end":{"line":17,"column":2}},"type":"binary-expr","locations":[{"start":{"line":13,"column":26},"end":{"line":13,"column":30}},{"start":{"line":13,"column":34},"end":{"line":13,"column":57}},{"start":{"line":13,"column":63},"end":{"line":17,"column":1}}],"line":13},"9":{"loc":{"start":{"line":13,"column":63},"end":{"line":17,"column":1}},"type":"cond-expr","locations":[{"start":{"line":13,"column":80},"end":{"line":15,"column":1}},{"start":{"line":15,"column":5},"end":{"line":17,"column":1}}],"line":13},"10":{"loc":{"start":{"line":18,"column":19},"end":{"line":24,"column":1}},"type":"binary-expr","locations":[{"start":{"line":18,"column":20},"end":{"line":18,"column":24}},{"start":{"line":18,"column":28},"end":{"line":18,"column":45}},{"start":{"line":18,"column":50},"end":{"line":24,"column":1}}],"line":18},"11":{"loc":{"start":{"line":19,"column":4},"end":{"line":19,"column":42}},"type":"if","locations":[{"start":{"line":19,"column":4},"end":{"line":19,"column":42}},{"start":{"line":19,"column":4},"end":{"line":19,"column":42}}],"line":19},"12":{"loc":{"start":{"line":19,"column":8},"end":{"line":19,"column":29}},"type":"binary-expr","locations":[{"start":{"line":19,"column":8},"end":{"line":19,"column":11}},{"start":{"line":19,"column":15},"end":{"line":19,"column":29}}],"line":19},"13":{"loc":{"start":{"line":21,"column":4},"end":{"line":21,"column":141}},"type":"if","locations":[{"start":{"line":21,"column":4},"end":{"line":21,"column":141}},{"start":{"line":21,"column":4},"end":{"line":21,"column":141}}],"line":21},"14":{"loc":{"start":{"line":21,"column":40},"end":{"line":21,"column":141}},"type":"if","locations":[{"start":{"line":21,"column":40},"end":{"line":21,"column":141}},{"start":{"line":21,"column":40},"end":{"line":21,"column":141}}],"line":21},"15":{"loc":{"start":{"line":21,"column":44},"end":{"line":21,"column":107}},"type":"binary-expr","locations":[{"start":{"line":21,"column":44},"end":{"line":21,"column":59}},{"start":{"line":21,"column":63},"end":{"line":21,"column":107}}],"line":21},"16":{"loc":{"start":{"line":25,"column":16},"end":{"line":33,"column":1}},"type":"binary-expr","locations":[{"start":{"line":25,"column":17},"end":{"line":25,"column":21}},{"start":{"line":25,"column":25},"end":{"line":25,"column":39}},{"start":{"line":25,"column":44},"end":{"line":33,"column":1}}],"line":25},"17":{"loc":{"start":{"line":26,"column":35},"end":{"line":26,"column":109}},"type":"cond-expr","locations":[{"start":{"line":26,"column":56},"end":{"line":26,"column":61}},{"start":{"line":26,"column":64},"end":{"line":26,"column":109}}],"line":26},"18":{"loc":{"start":{"line":27,"column":16},"end":{"line":27,"column":34}},"type":"binary-expr","locations":[{"start":{"line":27,"column":16},"end":{"line":27,"column":17}},{"start":{"line":27,"column":22},"end":{"line":27,"column":33}}],"line":27},"19":{"loc":{"start":{"line":30,"column":32},"end":{"line":30,"column":115}},"type":"cond-expr","locations":[{"start":{"line":30,"column":46},"end":{"line":30,"column":67}},{"start":{"line":30,"column":70},"end":{"line":30,"column":115}}],"line":30},"20":{"loc":{"start":{"line":31,"column":51},"end":{"line":31,"column":67}},"type":"binary-expr","locations":[{"start":{"line":31,"column":51},"end":{"line":31,"column":61}},{"start":{"line":31,"column":65},"end":{"line":31,"column":67}}],"line":31},"21":{"loc":{"start":{"line":34,"column":22},"end":{"line":36,"column":1}},"type":"binary-expr","locations":[{"start":{"line":34,"column":23},"end":{"line":34,"column":27}},{"start":{"line":34,"column":31},"end":{"line":34,"column":51}},{"start":{"line":34,"column":56},"end":{"line":36,"column":1}}],"line":34},"22":{"loc":{"start":{"line":35,"column":11},"end":{"line":35,"column":61}},"type":"cond-expr","locations":[{"start":{"line":35,"column":37},"end":{"line":35,"column":40}},{"start":{"line":35,"column":43},"end":{"line":35,"column":61}}],"line":35},"23":{"loc":{"start":{"line":35,"column":12},"end":{"line":35,"column":33}},"type":"binary-expr","locations":[{"start":{"line":35,"column":12},"end":{"line":35,"column":15}},{"start":{"line":35,"column":19},"end":{"line":35,"column":33}}],"line":35},"24":{"loc":{"start":{"line":89,"column":4},"end":{"line":209,"column":5}},"type":"if","locations":[{"start":{"line":89,"column":4},"end":{"line":209,"column":5}},{"start":{"line":89,"column":4},"end":{"line":209,"column":5}}],"line":89},"25":{"loc":{"start":{"line":90,"column":8},"end":{"line":93,"column":9}},"type":"if","locations":[{"start":{"line":90,"column":8},"end":{"line":93,"column":9}},{"start":{"line":90,"column":8},"end":{"line":93,"column":9}}],"line":90},"26":{"loc":{"start":{"line":95,"column":8},"end":{"line":98,"column":9}},"type":"if","locations":[{"start":{"line":95,"column":8},"end":{"line":98,"column":9}},{"start":{"line":95,"column":8},"end":{"line":98,"column":9}}],"line":95},"27":{"loc":{"start":{"line":95,"column":12},"end":{"line":95,"column":71}},"type":"binary-expr","locations":[{"start":{"line":95,"column":12},"end":{"line":95,"column":43}},{"start":{"line":95,"column":47},"end":{"line":95,"column":71}}],"line":95},"28":{"loc":{"start":{"line":102,"column":9},"end":{"line":209,"column":5}},"type":"if","locations":[{"start":{"line":102,"column":9},"end":{"line":209,"column":5}},{"start":{"line":102,"column":9},"end":{"line":209,"column":5}}],"line":102},"29":{"loc":{"start":{"line":105,"column":12},"end":{"line":107,"column":13}},"type":"if","locations":[{"start":{"line":105,"column":12},"end":{"line":107,"column":13}},{"start":{"line":105,"column":12},"end":{"line":107,"column":13}}],"line":105},"30":{"loc":{"start":{"line":109,"column":8},"end":{"line":112,"column":9}},"type":"if","locations":[{"start":{"line":109,"column":8},"end":{"line":112,"column":9}},{"start":{"line":109,"column":8},"end":{"line":112,"column":9}}],"line":109},"31":{"loc":{"start":{"line":116,"column":9},"end":{"line":209,"column":5}},"type":"if","locations":[{"start":{"line":116,"column":9},"end":{"line":209,"column":5}},{"start":{"line":116,"column":9},"end":{"line":209,"column":5}}],"line":116},"32":{"loc":{"start":{"line":118,"column":12},"end":{"line":170,"column":13}},"type":"switch","locations":[{"start":{"line":119,"column":16},"end":{"line":135,"column":17}},{"start":{"line":136,"column":16},"end":{"line":152,"column":17}},{"start":{"line":153,"column":16},"end":{"line":169,"column":17}}],"line":118},"33":{"loc":{"start":{"line":120,"column":20},"end":{"line":132,"column":21}},"type":"if","locations":[{"start":{"line":120,"column":20},"end":{"line":132,"column":21}},{"start":{"line":120,"column":20},"end":{"line":132,"column":21}}],"line":120},"34":{"loc":{"start":{"line":137,"column":20},"end":{"line":149,"column":21}},"type":"if","locations":[{"start":{"line":137,"column":20},"end":{"line":149,"column":21}},{"start":{"line":137,"column":20},"end":{"line":149,"column":21}}],"line":137},"35":{"l
[...]
EAAE,MAAM,EAAC,CAAC;;mCACT;AAEd;IADC,IAAA,gBAAM,EAAC,EAAC,IAAI,EAAE,SAAS,EAAE,OAAO,EAAE,KAAK,EAAC,CAAC;;qCACzB;AAZA,IAAI;IADxB,IAAA,gBAAM,EAAC,OAAO,CAAC;GACK,IAAI,CAaxB;kBAboB,IAAI","sourcesContent":["import {BaseEntity, Column, Entity, PrimaryColumn} from \"typeorm\";\r\nimport {Langs} from \"../types/Langs\";\r\n\r\n@Entity(\"users\")\r\nexport default class User extends BaseEntity{\r\n    @PrimaryColumn({type:\"varchar\"})\r\n    userid: string;\r\n    @Column({type:\"varchar\"})\r\n    lang: Langs;\r\n    @Column()\r\n    totalGames: number;\r\n    @Column()\r\n    totalWins: number;\r\n    @Column({type: \"date\"})\r\n    since: string;\r\n    @Column({type: \"boolean\", default: false})\r\n    premium: boolean;\r\n}"]},"_coverageSchema":"1a1c01bbd47fc00a2c39e90264f33305004495a9","hash":"2df1129da8e563ad947867dc516fb7fbd3263279","contentHash":"e63128f3221443857fa7ec7ebba61e801f1b1c576884fe12e9f1bcce8c85b816"},"C:\\Users\\manto\\OneDrive\\Documents\\GitHub\\mafia-bot\\src\\types\\Langs.ts":{"path":"C:\\Users\\manto\\OneDrive\\Documents\\GitHub\\mafia-bot\\src\\types\\Langs.ts","statementMap":{"0":{"start":{"line":2,"column":0},"end":{"line":2,"column":62}},"1":{"start":{"line":3,"column":0},"end":{"line":3,"column":23}},"2":{"start":{"line":5,"column":0},"end":{"line":9,"column":50}},"3":{"start":{"line":6,"column":4},"end":{"line":6,"column":23}},"4":{"start":{"line":7,"column":4},"end":{"line":7,"column":23}},"5":{"start":{"line":8,"column":4},"end":{"line":8,"column":23}}},"fnMap":{"0":{"name":"(anonymous_0)","decl":{"start":{"line":5,"column":1},"end":{"line":5,"column":2}},"loc":{"start":{"line":5,"column":18},"end":{"line":9,"column":1}},"line":5}},"branchMap":{"0":{"loc":{"start":{"line":9,"column":11},"end":{"line":9,"column":48}},"type":"binary-expr","locations":[{"start":{"line":9,"column":11},"end":{"line":9,"column":24}},{"start":{"line":9,"column":29},"end":{"line":9,"column":47}}],"line":9}},"s":{"0":1,"1":1,"2":1,"3":1,"4":1,"5":1},"f":{"0":1},"b":{"0":[1,1]},"inputSourceMap":{"version":3,"file":"C:/Users/manto/OneDrive/Documents/GitHub/mafia-bot/src/types/Langs.ts","sources":["C:/Users/manto/OneDrive/Documents/GitHub/mafia-bot/src/types/Langs.ts"],"names":[],"mappings":";;;AAAA,IAAY,KAIX;AAJD,WAAY,KAAK;IACb,kBAAO,CAAA;IACP,kBAAO,CAAA;IACP,kBAAO,CAAA;AACX,CAAC,EAJW,KAAK,GAAL,aAAK,KAAL,aAAK,QAIhB","sourcesContent":["export enum Langs {\r\n    RU=\"ru\",\r\n    EN=\"en\",\r\n    UA=\"ua\"\r\n}\r\n"]},"_coverageSchema":"1a1c01bbd47fc00a2c39e90264f33305004495a9","hash":"8cc0574de685c119203e2a0986d31e6512fa5fcb","contentHash":"3af84f4c9ba22f5567ef4e5c433194ab7ba54e8da4f3000345cfc0ce08a56445"},"C:\\Users\\manto\\OneDrive\\Documents\\GitHub\\mafia-bot\\src\\Functions\\getLangButtons.ts":{"path":"C:\\Users\\manto\\OneDrive\\Documents\\GitHub\\mafia-bot\\src\\Functions\\getLangButtons.ts","statementMap":{"0":{"start":{"line":2,"column":0},"end":{"line":2,"column":62}},"1":{"start":{"line":3,"column":21},"end":{"line":3,"column":42}},"2":{"start":{"line":5,"column":28},"end":{"line":23,"column":5}},"3":{"start":{"line":24,"column":4},"end":{"line":24,"column":27}},"4":{"start":{"line":26,"column":0},"end":{"line":26,"column":33}}},"fnMap":{"0":{"name":"getLangButtons","decl":{"start":{"line":4,"column":9},"end":{"line":4,"column":23}},"loc":{"start":{"line":4,"column":26},"end":{"line":25,"column":1}},"line":4}},"branchMap":{},"s":{"0":1,"1":1,"2":0,"3":0,"4":1},"f":{"0":0},"b":{},"inputSourceMap":{"version":3,"file":"C:/Users/manto/OneDrive/Documents/GitHub/mafia-bot/src/Functions/getLangButtons.ts","sources":["C:/Users/manto/OneDrive/Documents/GitHub/mafia-bot/src/Functions/getLangButtons.ts"],"names":[],"mappings":";;AAAA,2CAAyF;AAEzF,SAAwB,cAAc;IAClC,MAAM,eAAe,GAAsC;QACvD,IAAI,6BAAgB,EAAiB;aAChC,aAAa,CACV,IAAI,0BAAa,EAAE;aACd,QAAQ,CAAC,MAAM,CAAC;aAChB,QAAQ,CAAC,YAAY,CAAC;aACtB,QAAQ,CAAC,wBAAW,CAAC,OAAO,CAAC;aAC7B,WAAW,CAAC,IAAI,CAAC;aACjB,WAAW,CAAC,KAAK,CAAC,EACvB,IAAI,0BAAa,EAAE;aACd,QAAQ,CAAC,MAAM,CAAC;aAChB,QAAQ,CAAC,SAAS,CAAC;aACnB,QAAQ,CAAC,wBAAW,CAAC,OAAO,CAAC;aAC7B,WAAW,CAAC,IAAI,CAAC;aACjB,WAAW,CAAC,KAAK,CAAC,EACvB,IAAI,0BAAa,EAAE;aACd,QAAQ,CAAC,MAAM,CAAC;aAChB,QAAQ,CAAC,SAAS,CAAC;aACnB,QAAQ,CAAC,wBAAW,CAAC,OAAO,CAAC;aAC7B,WAAW,CAAC,IAAI,CAAC;aACjB,WAAW,CAAC,KAAK,CAAC,CAC1B;KACR,CAAA;IACD,OAAO,eAAe,CAAC;AAC3B,CAAC;AAzBD,iCAyBC","sourcesContent":["import {ActionRowBuilder, ButtonBuilder, ButtonComponent, ButtonStyle} from \"discord.js\";\r\n\r\nexport default function getLangButtons() {\r\n    const disabledButtons: ActionRowBuilder<ButtonBuilder>[] = [\r\n        new ActionRowBuilder<ButtonBuilder>()\r\n            .addComponents(\r\n                new ButtonBuilder()\r\n                    .setEmoji(\"🇺🇦\")\r\n                    .setLabel(\"Українська\")\r\n                    .setStyle(ButtonStyle.Primary)\r\n                    .setCustomId(\"ua\")\r\n                    .setDisabled(false),\r\n                new ButtonBuilder()\r\n                    .setEmoji(\"🇱🇺\")\r\n                    .setLabel('Русский')\r\n                    .setStyle(ButtonStyle.Primary)\r\n                    .setCustomId(\"ru\")\r\n                    .setDisabled(false),\r\n                new ButtonBuilder()\r\n                    .setEmoji(\"🇬🇧\")\r\n                    .setLabel('English')\r\n                    .setStyle(ButtonStyle.Primary)\r\n                    .setCustomId(\"en\")\r\n                    .setDisabled(false)\r\n            ),\r\n    ]\r\n    return disabledButtons;\r\n}"]},"_coverageSchema":"1a1c01bbd47fc00a2c39e90264f33305004495a9","hash":"f9fb2c15d0a8ec961579687a60b3586e3357e163","contentHash":"7a840d18a77c6de54ebe4d922f672a23207bf647d5264ec7095ebb393917b517"},"C:\\Users\\manto\\OneDrive\\Documents\\GitHub\\mafia-bot\\src\\Functions\\dateParser.ts":{"path":"C:\\Users\\manto\\OneDrive\\Documents\\GitHub\\mafia-bot\\src\\Functions\\dateParser.ts","statementMap":{"0":{"start":{"line":2,"column":0},"end":{"line":2,"column":62}},"1":{"start":{"line":4,"column":15},"end":{"line":4,"column":30}},"2":{"start":{"line":5,"column":13},"end":{"line":5,"column":70}},"3":{"start":{"line":6,"column":13},"end":{"line":6,"column":58}},"4":{"start":{"line":7,"column":13},"end":{"line":7,"column":60}},"5":{"start":{"line":8,"column":13},"end":{"line":8,"column":64}},"6":{"start":{"line":9,"column":13},"end":{"line":9,"column":64}},"7":{"start":{"line":10,"column":23},"end":{"line":10,"column":82}},"8":{"start":{"line":11,"column":4},"end":{"line":11,"column":24}},"9":{"start":{"line":13,"column":0},"end":{"line":13,"column":29}}},"fnMap":{"0":{"name":"dateParser","decl":{"start":{"line":3,"column":9},"end":{"line":3,"column":19}},"loc":{"start":{"line":3,"column":23},"end":{"line":12,"column":1}},"line":3}},"branchMap":{"0":{"loc":{"start":{"line":5,"column":14},"end":{"line":5,"column":48}},"type":"cond-expr","locations":[{"start":{"line":5,"column":40},"end":{"line":5,"column":43}},{"start":{"line":5,"column":46},"end":{"line":5,"column":48}}],"line":5},"1":{"loc":{"start":{"line":6,"column":14},"end":{"line":6,"column":43}},"type":"cond-expr","locations":[{"start":{"line":6,"column":35},"end":{"line":6,"column":38}},{"start":{"line":6,"column":41},"end":{"line":6,"column":43}}],"line":6},"2":{"loc":{"start":{"line":7,"column":14},"end":{"line":7,"column":44}},"type":"cond-expr","locations":[{"start":{"line":7,"column":36},"end":{"line":7,"column":39}},{"start":{"line":7,"column":42},"end":{"line":7,"column":44}}],"line":7},"3":{"loc":{"start":{"line":8,"column":14},"end":{"line":8,"column":46}},"type":"cond-expr","locations":[{"start":{"line":8,"column":38},"end":{"line":8,"column":41}},{"start":{"line":8,"column":44},"end":{"line":8,"column":46}}],"line":8},"4":{"loc":{"start":{"line":9,"column":14},"end":{"line":9,"column":46}},"type":"cond-expr","locations":[{"start":{"line":9,"column":38},"end":{"line":9,"column":41}},{"start":{"line":9,"column":44},"end":{"line":9,"column":46}}],"line":9}},"s":{"0":1,"1":0,"2":0,"3":0,"4":0,"5":0,"6":0,"7":0,"8":0,"9":1},"f":{"0":0},"b":{"0":[0,0],"1":[0,0],"2":[0,0],"3":[0,0],"4":[0,0]},"inputSourceMap":{"version":3,"file":"C:/Users/manto/OneDrive/Documents/GitHub/mafia-bot/src/Functions/dateParser.ts","sources":["C:/Users/manto/OneDrive/Documents/GitHub/mafia-bot/src/Functions/dateParser.ts"],"names":[],"mappings":";;AAAA,SAAwB,UAAU,CAAC,CAAO;IACtC,IAAI,IAAI,GAAG,CAAC,CAAC,WAAW,EAAE,CAAC;IAC3B,IAAI,EAAE,GAAG,CAAC,CAAC,CAAC,CAAC,QAAQ,EAAE,GAAG,CAAC,GAAG,EAAE,CAAC,CAAC,CAAC,CAAC,GAAG,CAAC,CAAC,CAAC,EAAE,CAAC,GAAG,CAAC,CAAC,CAAC,QAAQ,EAAE,GAAG,CAAC,CAAC,CAAC;IACnE,IAAI,EAAE,GAAG,CAAC,CAAC,CAAC,CAAC,OAAO,EAAE,GAAG,EAAE,CAAC,CAAC,CAAC,CAAC,GAAG,CAAC,CAAC,CAAC,EAAE,CAAC,GAAG,CAAC,CAAC,OAAO,EAAE,CAAC;IACvD,IAAI,EAAE,GAAG,CAAC,CAAC,CAAC,CAAC,QAAQ,EAAE,GAAG,EAAE,CAAC,CAAC,CAAC,CAAC,GAAG,CAAC,CAAC,CAAC,EAAE,CAAC,GAAG,CAAC,CAAC,QAAQ,EAAE,CAAC;IACzD,IAAI,EAAE,GAAG,CAAC,CAAC,CAAC,CAAC,UAAU,EAAE,GAAG,EAAE,CAAC,CAAC,CAAC,CAAC,GAAG,CAAC,CAAC,CAAC,EAAE,CAAC,GAAG,CAAC,CAAC,UAAU,EAAE,CAAC;IAC7D,IAAI,EAAE,GAAG,CAAC,CAAC,CAAC,CAAC,UAAU,EAAE,GAAG,EAAE,CAAC,CAAC,CAAC,CAAC,GAAG,CAAC,CAAC,CAAC,EAAE,CAAC,GAAG,CAAC,CAAC,UAAU,EAAE,CAAC;IAE7D,IAAI,YAAY,GAAG,IAAI,GAAC,GAAG,GAAC,EAAE,GAAC,GAAG,GAAC,EAAE,GAAC,GAAG,GAAC,EAAE,GAAC,GAAG,GAAC,EAAE,GAAC,GAAG,GAAC,EAAE,CAAC;IAC3D,OAAO,YAAY,CAAC;AACxB,CAAC;AAVD,6BAUC","sourcesContent":["export default function dateParser(t: Date){\r\n    let YYYY = t.getFullYear();\r\n    let MM = ((t.getMonth() + 1 < 10) ? '0' : '') + (t.getMonth() + 1);\r\n    let DD = ((t.getDate() < 10) ? '0' : '') + t.getDate();\r\n    let HH = ((t.getHours() < 10) ? '0' : '') + t.getHours();\r\n    let mm = ((t.getMinutes() < 10) ? '0' : '') + t.getMinutes();\r\n    let ss = ((t.getSeconds() < 10) ? '0' : '') + t.getSeconds();\r\n\r\n    let time_of_call = YYYY+'-'+MM+'-'+DD+' '+HH+':'+mm+':'+ss;\r\n    return time_of_call;\r\n}\r\n"]},"_coverageSchema":"1a1c01bbd47fc00a2c39e90264f33305004495a9","hash":"afac18c56811ec6b03fe31cb60be6c00d16a2d53","contentHash":"dc3716bd79398270d4c4ae02343d6a89f7b93e8988594f3dbcac55edc7b95ec3"},"C:\\Users\\manto\\OneDrive\\Documents\\GitHub\\mafia-bot\\src\\Classes\\Roles\\DoctorRole.ts":{"path":"C:\\Users\\manto\\OneDrive\\Documents\\GitHub\\mafia-bot\\src\\Classes\\Roles\\DoctorRole.ts","statementMap":{"0":{"start":{"line":2,"column":22},"end":{"line":4,"column":1}},"1":{"start":{"line":3,"column":4},"end":{"line":3,"column":62}},"2":{"start":{"line":5,"column":0},"end":{"line":5,"column":62}},"3":{"start":{"line":6,"column":19},"end":{"line":6,"column":57}},"4":{"start":{"line":9,"column":8},"end":{"line":9,"column":16}},"5":{"start":{"line":10,"column":8},"end":{"line":14,"column":10}},"6":{"start":{"line":15,"column":8},"end":{"line":15,"column":33}},"7":{"start":{"line":16,"column":8},"end":{"line":16,"column":34}},"8":{"start":{"line":17,"column":8},"end":{"line":17,"column":37}},"9":{"start":{"line":18,"column":8},"end":{"line":18,"column":35}},"10":{"start":{"line":19,"column":8},"end":{"line":19,"column":23}},"11":{"start":{"line":20,"column":8},"end":{"line":20,"column":65}},"12":{"start":{"line":21,"column":8},"end":{"line":21,"column":27}},"13":{"start":{"line":22,"column":8},"end":{"line":22,"column":62}},"14":{"start":{"line":23,"column":8},"end":{"line":23,"column":38}},"15":{"start":{"line":24,"column":8},"end":{"line":24,"column":141}},"16":{"start":{"line":25,"column":8},"end":{"line":25,"column":35}},"17":{"start":{"line":26,"column":8},"end":{"line":26,"column":76}},"18":{"start":{"line":29,"column":0},"end":{"line":29,"column":29}}},"fnMap":{"0":{"name":"(anonymous_0)","decl":{"start":{"line":2,"column":56},"end":{"line":2,"column":57}},"loc":{"start":{"line":2,"column":71},"end":{"line":4,"column":1}},"line":2},"1":{"name":"(anonymous_1)","decl":{"start":{"line":8,"column":4},"end":{"line":8,"column":5}},"loc":{"start":{"line":8,"column":18},"end":{"line":27,"column":5}},"line":8}},"branchMap":{"0":{"loc":{"start":{"line":2,"column":22},"end":{"line":4,"column":1}},"type":"binary-expr","locations":[{"start":{"line":2,"column":23},"end":{"line":2,"column":27}},{"start":{"line":2,"column":31},"end":{"line":2,"column":51}},{"start":{"line":2,"column":56},"end":{"line":4,"column":1}}],"line":2},"1":{"loc":{"start":{"line":3,"column":11},"end":{"line":3,"column":61}},"type":"cond-expr","locations":[{"start":{"line":3,"column":37},"end":{"line":3,"column":40}},{"start":{"line":3,"column":43},"end":{"line":3,"column":61}}],"line":3},"2":{"loc":{"start":{"line":3,"column":12},"end":{"line":3,"column":33}},"type":"binary-expr","locations":[{"start":{"line":3,"column":12},"end":{"line":3,"column":15}},{"start":{"line":3,"column":19},"end":{"line":3,"column":33}}],"line":3}},"s":{"0":1,"1":1,"2":1,"3":1,"4":1,"5":1,"6":1,"7":1,"8":1,"9":1,"10":1,"11":1,"12":1,"13":1,"14":1,"15":1,"16":1,"17":1,"18":1},"f":{"0":1,"1":1},"b":{"0":[1,1,1],"1":[1,0],"2":[1,1]},"inputSourceMap":{"version":3,"file":"C:/Users/manto/OneDrive/Documents/GitHub/mafia-bot/src/Classes/Roles/DoctorRole.ts","sources":["C:/Users/manto/OneDrive/Documents/GitHub/mafia-bot/src/Classes/Roles/DoctorRole.ts"],"names":[],"mappings":";;;;;AAAA,0DAAkC;AAIlC,MAAqB,UAAW,SAAQ,kBAAQ;IAC5C;QACI,KAAK,EAAE,CAAA;QACP,IAAI,CAAC,UAAU,GAAG;YACd,EAAE,EAAE,QAAQ;YACZ,EAAE,EAAE,MAAM;YACV,EAAE,EAAE,OAAO;SACd,CAAA;QACD,IAAI,CAAC,QAAQ,GAAG,QAAQ,CAAC;QACzB,IAAI,CAAC,gBAAgB,GAAG,CAAC,CAAC;QAC1B,IAAI,CAAC,cAAc,GAAG,MAAM,CAAC;QAC7B,IAAI,CAAC,aAAa,GAAG,KAAK,CAAC;QAC3B,IAAI,CAAC,KAAK,GAAG,CAAC,CAAC;QACf,IAAI,CAAC,MAAM,GAAG,CAAC,IAAI,EAAE,IAAI,EAAE,IAAI,EAAE,IAAI,EAAE,IAAI,EAAE,IAAI,EAAE,IAAI,CAAC,CAAC;QACzD,IAAI,CAAC,SAAS,GAAG,CAAC,CAAC;QACnB,IAAI,CAAC,WAAW,GAAG,kCAAkC,CAAC;QACtD,IAAI,CAAC,iBAAiB,GAAG,IAAI,CAAC;QAC9B,IAAI,CAAC,SAAS,GAAC,mHAAmH,CAAC;QACnI,IAAI,CAAC,cAAc,GAAG,IAAI,CAAC;QAC3B,IAAI,CAAC,WAAW,GAAG,gDAAgD,CAAC;IACxE,CAAC;CACJ;AArBD,6BAqBC","sourcesContent":["import BaseRole from \"./BaseRole\";\r\nimport {Langs} from \"../../types/Langs\";\r\nimport {localisations} from \"../../index\";\r\n\r\nexport default class DoctorRole extends BaseRole{\r\n    constructor() {\r\n        super()\r\n        this.NameLocals = {\r\n            EN: \"Doctor\",\r\n            RU: \"Врач\",\r\n            UA: \"Лікар\"\r\n        }\r\n        this.RoleName = \"doctor\";\r\n        this.DelayForActivity = 1;\r\n        this.ActionOnSelect = \"heal\";\r\n        this.GroupDecision = false;\r\n        this.Count = 1;\r\n        this.Emojis = ['💉', '💊', '🧬', '🦠', '🧫', '🧪', '♥️'];\r\n        this.SpawnFrom = 0;\r\n        this.PlaceHolder = \"Выберите кого хотите вылечить...\";\r\n        this.PlaceHolderLocals = null;\r\n        this.ImageLink=\"https://media.discordapp.net/attachments/1015944207220879370/1015959932228616242/unknown.png?width=469&height=469\";\r\n        this.SelfSelectable = true;\r\n        this.Description = \"%Your objective is to save people from death!%\";\r\n    }\r\n}"]},"_coverageSchema":"1a1c01bbd47fc00a2c39e90264f33305004495a9","hash":"c35f134874600780082611a20baf6ddd1fe48f6e","contentHash":"82fb10fd7a6e0e05b753547500cda2f6ff67b84f2e19ca4ee41cdc97be88970e"},"C:\\Users\\manto\\OneDrive\\Documents\\GitHub\\mafia-bot\\src\\Classes\\Roles\\PoliceRole.ts":{"path":"C:\\Users\\manto\\OneDrive\\Documents\\GitHub\\mafia-bot\\src\\Classes\\Roles\\PoliceRole.ts","statementMap":{"0":{"start":{"line":2,"column":22},"end":{"line":4,"column":1}},"1":{"start":{"line":3,"column":4},"end":{"line":3,"column":62}},"2":{"start":{"line":5,"column":0},"end":{"line":5,"column":62}},"3":{"start":{"line":6,"column":19},"end":{"line":6,"column":57}},"4":{"start":{"line":9,"column":8},"end":{"line":9,"column":16}},"5":{"start":{"line":10,"column":8},"end":{"line":14,"column":10}},"6":{"start":{"line":15,"column":8},"end":{"line":15,"column":33}},"7":{"start":{"line":16,"column":8},"end":{"line":16,"column":34}},"8":{"start":{"line":17,"column":8},"end":{"line":17,"column":38}},"9":{"start":{"line":18,"column":8},"end":{"line":18,"column":35}},"10":{"start":{"line":19,"column":8},"end":{"line":19,"column":23}},"11":{"start":{"line":20,"column":8},"end":{"line":20,"column":47}},"12":{"start":{"line":21,"column":8},"end":{"line":21,"column":27}},"13":{"start":{"line":22,"column":8},"end":{"line":22,"column":63}},"14":{"start":{"line":23,"column":8},"end":{"line":23,"column":38}},"15":{"start":{"line":24,"column":8},"end":{"line":24,"column":141}},"16":{"start":{"line":25,"column":8},"end":{"line":25,"column":36}},"17":{"start":{"line":26,"column":8},"end":{"line":26,"column":89}},"18":{"start":{"line":29,"column":0},"end":{"line":29,"column":29}}},"fnMap":{"0":{"name":"(anonymous_0)","decl":{"start":{"line":2,"column":56},"end":{"line":2,"column":57}},"loc":{"start":{"line":2,"column":71},"end":{"line":4,"column":1}},"line":2},"1":{"name":"(anonymous_1)","decl":{"start":{"line":8,"column":4},"end":{"line":8,"column":5}},"loc":{"start":{"line":8,"column":18},"end":{"line":27,"column":5}},"line":8}},"branchMap":{"0":{"loc":{"start":{"line":2,"column":22},"end":{"line":4,"column":1}},"type":"binary-expr","locations":[{"start":{"line":2,"column":23},"end":{"line":2,"column":27}},{"start":{"line":2,"column":31},"end":{"line":2,"column":51}},{"start":{"line":2,"column":56},"end":{"line":4,"column":1}}],"line":2},"1":{"loc":{"start":{"line":3,"column":11},"end":{"line":3,"column":61}},"type":"cond-expr","locations":[{"start":{"line":3,"column":37},"end":{"line":3,"column":40}},{"start":{"line":3,"column":43},"end":{"line":3,"column":61}}],"line":3},"2":{"loc":{"start":{"line":3,"column":12},"end":{"line":3,"column":33}},"type":"binary-expr","locations":[{"start":{"line":3,"column":12},"end":{"line":3,"column":15}},{"start":{"line":3,"column":19},"end":{"line":3,"column":33}}],"line":3}},"s":{"0":1,"1":1,"2":1,"3":1,"4":1,"5":1,"6":1,"7":1,"8":1,"9":1,"10":1,"11":1,"12":1,"13":1,"14":1,"15":1,"16":1,"17":1,"18":1},"f":{"0":1,"1":1},"b":{"0":[1,1,1],"1":[1,0],"2":[1,1]},"inputSourceMap":{"version":3,"file":"C:/Users/manto/OneDrive/Documents/GitHub/mafia-bot/src/Classes/Roles/PoliceRole.ts","sources":["C:/Users/manto/OneDrive/Documents/GitHub/mafia-bot/src/Classes/Roles/PoliceRole.ts"],"names":[],"mappings":";;;;;AAAA,0DAAkC;AAElC,MAAqB,UAAW,SAAQ,kBAAQ;IAC5C;QACI,KAAK,EAAE,CAAA;QACP,IAAI,CAAC,UAAU,GAAG;YACd,EAAE,EAAE,QAAQ;YACZ,EAAE,EAAE,YAAY;YAChB,EAAE,EAAE,cAAc;SACrB,CAAA;QACD,IAAI,CAAC,QAAQ,GAAG,QAAQ,CAAC;QACzB,IAAI,CAAC,gBAAgB,GAAG,CAAC,CAAC;QAC1B,IAAI,CAAC,cAAc,GAAG,OAAO,CAAC;QAC9B,IAAI,CAAC,aAAa,GAAG,KAAK,CAAC;QAC3B,IAAI,CAAC,KAAK,GAAG,CAAC,CAAC;QACf,IAAI,CAAC,MAAM,GAAG,CAAC,IAAI,EAAE,IAAI,EAAE,IAAI,EAAE,IAAI,CAAC,CAAC;QACvC,IAAI,CAAC,SAAS,GAAG,CAAC,CAAC;QACnB,IAAI,CAAC,WAAW,GAAG,mCAAmC,CAAC;QACvD,IAAI,CAAC,iBAAiB,GAAG,IAAI,CAAC;QAC9B,IAAI,CAAC,SAAS,GAAC,mHAAmH,CAAC;QACnI,IAAI,CAAC,cAAc,GAAG,KAAK,CAAC;QAC5B,IAAI,CAAC,WAAW,GAAG,6DAA6D,CAAC;IACrF,CAAC;CACJ;AArBD,6BAqBC","sourcesContent":["import BaseRole from \"./BaseRole\";\r\n\r\nexport default class PoliceRole extends BaseRole{\r\n    constructor() {\r\n        super()\r\n        this.NameLocals = {\r\n            EN: \"Police\",\r\n            RU: \"Милиционер\",\r\n            UA: \"Поліцейський\"\r\n        }\r\n        this.RoleName = \"police\";\r\n        this.DelayForActivity = 1;\r\n        this.ActionOnSelect = \"check\";\r\n        this.GroupDecision = false;\r\n        this.Count = 1;\r\n        this.Emojis = ['🚓', '👮', '🚔', '🚨'];\r\n        this.SpawnFrom = 0;\r\n        this.PlaceHolder = \"Выберите кого хотите проверить...\";\r\n        this.PlaceHolderLocals = null;\r\n        this.ImageLink=\"https://media.discordapp.net/attachments/1015944207220879370/1015959932228616242/unknown.png?width=469&height=469\";\r\n        this.SelfSelectable = false;\r\n        this.Description = \"%Your objective is to find mafia!% + %\\n{oPlayersAllRoles}%\";\r\n    }\r\n}"]},"_coverageSchema":"1a1c01bbd47fc00a2c39e90264f33305004495a9","hash":"c8f0e28b55f1416af68cf1063245bcf0a139d915","contentHash":"7a47f76d43347beebb8ebd6b158c953ff257d35a9d745625b476abc091be645b"}}